RUN	RecordedSimulation	recordedsimulation	1714686847419	2perSecondDuring60sec	3.10.5
USER	RecordedSimulation	START	1714686848758
REQUEST		request_0	1714686848755	1714686848861	OK	 
REQUEST		request_1	1714686848883	1714686848937	OK	 
REQUEST		request_2	1714686848883	1714686848987	OK	 
REQUEST		request_3	1714686848884	1714686848991	OK	 
USER	RecordedSimulation	START	1714686849138
REQUEST		request_0	1714686849136	1714686849243	OK	 
REQUEST		request_1	1714686849244	1714686849294	OK	 
REQUEST		request_3	1714686849245	1714686849348	OK	 
REQUEST		request_2	1714686849244	1714686849352	OK	 
USER	RecordedSimulation	START	1714686849680
USER	RecordedSimulation	START	1714686849681
REQUEST		request_0	1714686849680	1714686849781	OK	 
REQUEST		request_0	1714686849680	1714686849781	OK	 
REQUEST		request_1	1714686849782	1714686849833	OK	 
REQUEST		request_1	1714686849782	1714686849833	OK	 
REQUEST		request_3	1714686849783	1714686849885	OK	 
REQUEST		request_2	1714686849783	1714686849885	OK	 
REQUEST		request_2	1714686849783	1714686849885	OK	 
REQUEST		request_3	1714686849783	1714686849885	OK	 
USER	RecordedSimulation	START	1714686850170
USER	RecordedSimulation	START	1714686850183
REQUEST		request_0	1714686850167	1714686850274	OK	 
REQUEST		request_0	1714686850182	1714686850282	OK	 
REQUEST		request_1	1714686850274	1714686850323	OK	 
REQUEST		request_1	1714686850283	1714686850331	OK	 
REQUEST		request_2	1714686850275	1714686850374	OK	 
REQUEST		request_3	1714686850275	1714686850375	OK	 
REQUEST		request_2	1714686850283	1714686850380	OK	 
REQUEST		request_3	1714686850284	1714686850381	OK	 
USER	RecordedSimulation	START	1714686850478
REQUEST		request_0	1714686850474	1714686850580	OK	 
REQUEST		request_1	1714686850581	1714686850633	OK	 
REQUEST		request_2	1714686850583	1714686850684	OK	 
REQUEST		request_3	1714686850583	1714686850686	OK	 
USER	RecordedSimulation	START	1714686851086
REQUEST		request_0	1714686851085	1714686851198	OK	 
REQUEST		request_1	1714686851199	1714686851248	OK	 
REQUEST		request_3	1714686851200	1714686851304	OK	 
REQUEST		request_2	1714686851200	1714686851305	OK	 
USER	RecordedSimulation	START	1714686851482
REQUEST		request_0	1714686851481	1714686851589	OK	 
REQUEST		request_1	1714686851590	1714686851640	OK	 
REQUEST		request_2	1714686851590	1714686851690	OK	 
REQUEST		request_3	1714686851591	1714686851691	OK	 
USER	RecordedSimulation	START	1714686852444
REQUEST		request_0	1714686852440	1714686852545	OK	 
REQUEST		request_1	1714686852547	1714686852597	OK	 
REQUEST		request_2	1714686852548	1714686852652	OK	 
REQUEST		request_3	1714686852548	1714686852654	OK	 
USER	RecordedSimulation	START	1714686852884
REQUEST		request_0	1714686852882	1714686852991	OK	 
REQUEST		request_1	1714686852993	1714686853042	OK	 
REQUEST		request_2	1714686852993	1714686853092	OK	 
REQUEST		request_3	1714686852994	1714686853093	OK	 
USER	RecordedSimulation	START	1714686853337
REQUEST		request_0	1714686853336	1714686853450	OK	 
REQUEST		request_1	1714686853452	1714686853501	OK	 
REQUEST		request_2	1714686853453	1714686853569	OK	 
REQUEST		request_3	1714686853455	1714686853571	OK	 
USER	RecordedSimulation	START	1714686853702
REQUEST		request_0	1714686853701	1714686853806	OK	 
REQUEST		request_1	1714686853806	1714686853857	OK	 
REQUEST		request_2	1714686853807	1714686853911	OK	 
REQUEST		request_3	1714686853807	1714686853913	OK	 
REQUEST		request_4	1714686854004	1714686854107	OK	 
REQUEST		request_5	1714686854111	1714686854257	OK	 
REQUEST		request_4	1714686854369	1714686854472	OK	 
REQUEST		request_5	1714686854473	1714686854614	OK	 
USER	RecordedSimulation	START	1714686854904
REQUEST		request_4	1714686854887	1714686854983	OK	 
REQUEST		request_4	1714686854887	1714686854983	OK	 
REQUEST		request_0	1714686854903	1714686855001	OK	 
REQUEST		request_1	1714686855002	1714686855052	OK	 
REQUEST		request_2	1714686855003	1714686855103	OK	 
REQUEST		request_3	1714686855004	1714686855103	OK	 
REQUEST		request_5	1714686854984	1714686855130	OK	 
REQUEST		request_5	1714686854984	1714686855130	OK	 
USER	RecordedSimulation	START	1714686855239
REQUEST		request_0	1714686855238	1714686855341	OK	 
REQUEST		request_1	1714686855343	1714686855393	OK	 
USER	RecordedSimulation	START	1714686855410
REQUEST		request_2	1714686855344	1714686855447	OK	 
REQUEST		request_3	1714686855346	1714686855449	OK	 
REQUEST		request_4	1714686855380	1714686855480	OK	 
REQUEST		request_4	1714686855384	1714686855483	OK	 
REQUEST		request_0	1714686855408	1714686855513	OK	 
REQUEST		request_1	1714686855515	1714686855566	OK	 
REQUEST		request_2	1714686855516	1714686855618	OK	 
REQUEST		request_3	1714686855519	1714686855620	OK	 
REQUEST		request_5	1714686855485	1714686855624	OK	 
REQUEST		request_5	1714686855483	1714686855624	OK	 
REQUEST		request_4	1714686855698	1714686855800	OK	 
REQUEST		request_5	1714686855801	1714686855933	OK	 
USER	RecordedSimulation	START	1714686856040
REQUEST		request_0	1714686856037	1714686856141	OK	 
REQUEST		request_1	1714686856141	1714686856189	OK	 
REQUEST		request_2	1714686856141	1714686856240	OK	 
REQUEST		request_3	1714686856142	1714686856242	OK	 
USER	RecordedSimulation	START	1714686856252
REQUEST		request_0	1714686856252	1714686856350	OK	 
REQUEST		request_1	1714686856351	1714686856402	OK	 
REQUEST		request_4	1714686856312	1714686856410	OK	 
REQUEST		request_2	1714686856351	1714686856456	OK	 
REQUEST		request_3	1714686856352	1714686856458	OK	 
REQUEST		request_5	1714686856412	1714686856555	OK	 
USER	RecordedSimulation	START	1714686856646
USER	RecordedSimulation	START	1714686856721
REQUEST		request_0	1714686856645	1714686856744	OK	 
REQUEST		request_4	1714686856692	1714686856794	OK	 
REQUEST		request_1	1714686856747	1714686856796	OK	 
REQUEST		request_0	1714686856720	1714686856818	OK	 
REQUEST		request_3	1714686856750	1714686856873	OK	 
REQUEST		request_1	1714686856819	1714686856875	OK	 
REQUEST		request_2	1714686856749	1714686856877	OK	 
REQUEST		request_2	1714686856819	1714686856920	OK	 
REQUEST		request_3	1714686856820	1714686856924	OK	 
REQUEST		request_5	1714686856796	1714686856940	OK	 
REQUEST		request_6	1714686857287	1714686857348	OK	 
REQUEST		request_6	1714686857622	1714686857682	OK	 
REQUEST		request_4	1714686857667	1714686857770	OK	 
USER	RecordedSimulation	START	1714686857809
REQUEST		request_5	1714686857772	1714686857904	OK	 
REQUEST		request_0	1714686857806	1714686857916	OK	 
REQUEST		request_1	1714686857917	1714686857968	OK	 
REQUEST		request_2	1714686857918	1714686858021	OK	 
REQUEST		request_3	1714686857919	1714686858023	OK	 
REQUEST		request_6	1714686858139	1714686858195	OK	 
REQUEST		request_6	1714686858139	1714686858198	OK	 
REQUEST		request_4	1714686858094	1714686858199	OK	 
REQUEST		request_5	1714686858200	1714686858333	OK	 
REQUEST		request_6	1714686858629	1714686858686	OK	 
REQUEST		request_4	1714686858583	1714686858686	OK	 
REQUEST		request_6	1714686858630	1714686858689	OK	 
REQUEST		request_5	1714686858688	1714686858823	OK	 
USER	RecordedSimulation	START	1714686858893
REQUEST		request_0	1714686858891	1714686858994	OK	 
REQUEST		request_6	1714686858936	1714686858996	OK	 
REQUEST		request_4	1714686858921	1714686859025	OK	 
REQUEST		request_1	1714686858997	1714686859047	OK	 
REQUEST		request_2	1714686858997	1714686859096	OK	 
REQUEST		request_3	1714686858998	1714686859098	OK	 
REQUEST		request_5	1714686859026	1714686859165	OK	 
REQUEST		request_6	1714686859564	1714686859619	OK	 
REQUEST		request_6	1714686859943	1714686859999	OK	 
REQUEST		request_4	1714686860106	1714686860206	OK	 
USER	RecordedSimulation	START	1714686860342
REQUEST		request_5	1714686860209	1714686860343	OK	 
REQUEST		request_0	1714686860340	1714686860442	OK	 
REQUEST		request_1	1714686860450	1714686860501	OK	 
REQUEST		request_4	1714686860451	1714686860549	OK	 
REQUEST		request_2	1714686860451	1714686860550	OK	 
REQUEST		request_3	1714686860451	1714686860552	OK	 
REQUEST		request_5	1714686860551	1714686860684	OK	 
REQUEST		request_4	1714686860621	1714686860719	OK	 
REQUEST		request_5	1714686860722	1714686860852	OK	 
REQUEST		request_6	1714686860917	1714686860973	OK	 
REQUEST		request_4	1714686861245	1714686861345	OK	 
REQUEST		request_6	1714686861345	1714686861401	OK	 
REQUEST		request_5	1714686861345	1714686861478	OK	 
REQUEST		request_4	1714686861470	1714686861572	OK	 
REQUEST		request_5	1714686861575	1714686861710	OK	 
REQUEST		request_6	1714686861838	1714686861895	OK	 
USER	RecordedSimulation	START	1714686861920
REQUEST		request_4	1714686861884	1714686861983	OK	 
REQUEST		request_0	1714686861916	1714686862019	OK	 
REQUEST		request_4	1714686861930	1714686862029	OK	 
REQUEST		request_1	1714686862022	1714686862072	OK	 
REQUEST		request_5	1714686861984	1714686862120	OK	 
REQUEST		request_2	1714686862023	1714686862121	OK	 
REQUEST		request_3	1714686862024	1714686862122	OK	 
REQUEST		request_5	1714686862032	1714686862171	OK	 
USER	RecordedSimulation	START	1714686862173
REQUEST		request_6	1714686862172	1714686862227	OK	 
REQUEST		request_0	1714686862173	1714686862271	OK	 
REQUEST		request_1	1714686862271	1714686862321	OK	 
REQUEST		request_2	1714686862271	1714686862374	OK	 
REQUEST		request_3	1714686862272	1714686862376	OK	 
USER	RecordedSimulation	START	1714686862448
REQUEST		request_0	1714686862447	1714686862545	OK	 
REQUEST		request_1	1714686862547	1714686862596	OK	 
USER	RecordedSimulation	START	1714686862636
REQUEST		request_3	1714686862550	1714686862650	OK	 
REQUEST		request_2	1714686862548	1714686862652	OK	 
USER	RecordedSimulation	START	1714686862897
REQUEST		request_0	1714686862633	1714686862946	OK	 
REQUEST		request_0	1714686862894	1714686862995	OK	 
REQUEST		request_1	1714686862947	1714686862996	OK	 
USER	RecordedSimulation	START	1714686862997
REQUEST		request_3	1714686862947	1714686863047	OK	 
REQUEST		request_1	1714686862996	1714686863049	OK	 
REQUEST		request_2	1714686862947	1714686863049	OK	 
REQUEST		request_2	1714686862996	1714686863095	OK	 
REQUEST		request_0	1714686862997	1714686863095	OK	 
REQUEST		request_3	1714686862997	1714686863098	OK	 
REQUEST		request_4	1714686863028	1714686863132	OK	 
REQUEST		request_1	1714686863098	1714686863146	OK	 
REQUEST		request_3	1714686863101	1714686863200	OK	 
REQUEST		request_2	1714686863099	1714686863200	OK	 
REQUEST		request_5	1714686863134	1714686863275	OK	 
REQUEST		request_6	1714686863350	1714686863404	OK	 
REQUEST		request_6	1714686863688	1714686863742	OK	 
REQUEST		request_6	1714686863859	1714686863917	OK	 
USER	RecordedSimulation	START	1714686863966
REQUEST		request_0	1714686863965	1714686864063	OK	 
USER	RecordedSimulation	START	1714686864103
REQUEST		request_1	1714686864063	1714686864111	OK	 
REQUEST		request_2	1714686864064	1714686864160	OK	 
REQUEST		request_3	1714686864064	1714686864163	OK	 
REQUEST		request_4	1714686864102	1714686864199	OK	 
REQUEST		request_0	1714686864102	1714686864200	OK	 
REQUEST		request_1	1714686864201	1714686864249	OK	 
REQUEST		request_2	1714686864201	1714686864299	OK	 
REQUEST		request_3	1714686864202	1714686864299	OK	 
REQUEST		request_5	1714686864200	1714686864337	OK	 
REQUEST		request_7	1714686864364	1714686864469	OK	 
REQUEST		request_6	1714686864486	1714686864544	OK	 
REQUEST		request_8	1714686864471	1714686864549	OK	 
USER	RecordedSimulation	START	1714686864746
REQUEST		request_6	1714686864716	1714686864770	OK	 
REQUEST		request_7	1714686864684	1714686864784	OK	 
REQUEST		request_0	1714686864746	1714686864849	OK	 
REQUEST		request_8	1714686864784	1714686864864	OK	 
REQUEST		request_1	1714686864850	1714686864900	OK	 
REQUEST		request_3	1714686864853	1714686864956	OK	 
REQUEST		request_2	1714686864851	1714686864958	OK	 
REQUEST		request_6	1714686865130	1714686865184	OK	 
REQUEST		request_6	1714686865178	1714686865233	OK	 
REQUEST		request_7	1714686865207	1714686865310	OK	 
REQUEST		request_7	1714686865207	1714686865310	OK	 
USER	RecordedSimulation	START	1714686865347
REQUEST		request_8	1714686865312	1714686865392	OK	 
REQUEST		request_8	1714686865312	1714686865400	OK	 
REQUEST		request_0	1714686865346	1714686865446	OK	 
REQUEST		request_1	1714686865447	1714686865497	OK	 
REQUEST		request_2	1714686865447	1714686865546	OK	 
REQUEST		request_3	1714686865448	1714686865547	OK	 
USER	RecordedSimulation	START	1714686865560
REQUEST		request_0	1714686865559	1714686865656	OK	 
REQUEST		request_4	1714686865559	1714686865656	OK	 
REQUEST		request_1	1714686865657	1714686865706	OK	 
REQUEST		request_2	1714686865657	1714686865754	OK	 
REQUEST		request_3	1714686865657	1714686865754	OK	 
REQUEST		request_5	1714686865656	1714686865790	OK	 
REQUEST		request_7	1714686865695	1714686865804	OK	 
REQUEST		request_7	1714686865695	1714686865804	OK	 
REQUEST		request_8	1714686865804	1714686865884	OK	 
REQUEST		request_8	1714686865805	1714686865888	OK	 
REQUEST		request_7	1714686866000	1714686866105	OK	 
REQUEST		request_8	1714686866106	1714686866182	OK	 
REQUEST		request_6	1714686866287	1714686866341	OK	 
USER	RecordedSimulation	START	1714686866505
USER	RecordedSimulation	START	1714686866564
REQUEST		request_0	1714686866502	1714686866605	OK	 
REQUEST		request_1	1714686866608	1714686866657	OK	 
REQUEST		request_0	1714686866562	1714686866666	OK	 
REQUEST		request_2	1714686866608	1714686866710	OK	 
REQUEST		request_3	1714686866611	1714686866713	OK	 
REQUEST		request_1	1714686866667	1714686866717	OK	 
REQUEST		request_7	1714686866623	1714686866722	OK	 
REQUEST		request_2	1714686866667	1714686866773	OK	 
REQUEST		request_3	1714686866668	1714686866775	OK	 
REQUEST		request_8	1714686866723	1714686866797	OK	 
USER	RecordedSimulation	START	1714686867021
REQUEST		request_7	1714686867004	1714686867107	OK	 
REQUEST		request_0	1714686867019	1714686867124	OK	 
REQUEST		request_1	1714686867126	1714686867179	OK	 
REQUEST		request_8	1714686867109	1714686867181	OK	 
REQUEST		request_4	1714686867125	1714686867224	OK	 
REQUEST		request_2	1714686867127	1714686867228	OK	 
REQUEST		request_3	1714686867128	1714686867228	OK	 
USER	RecordedSimulation	START	1714686867310
REQUEST		request_5	1714686867226	1714686867362	OK	 
REQUEST		request_6	1714686867340	1714686867394	OK	 
REQUEST		request_0	1714686867310	1714686867409	OK	 
REQUEST		request_1	1714686867410	1714686867461	OK	 
REQUEST		request_4	1714686867386	1714686867496	OK	 
REQUEST		request_2	1714686867411	1714686867512	OK	 
REQUEST		request_3	1714686867411	1714686867514	OK	 
REQUEST		request_5	1714686867499	1714686867636	OK	 
REQUEST		request_4	1714686867653	1714686867752	OK	 
USER	RecordedSimulation	START	1714686867799
REQUEST		request_5	1714686867754	1714686867898	OK	 
REQUEST		request_0	1714686867796	1714686867899	OK	 
REQUEST		request_1	1714686867900	1714686867950	OK	 
REQUEST		request_2	1714686867901	1714686868004	OK	 
REQUEST		request_3	1714686867902	1714686868005	OK	 
REQUEST		request_7	1714686867978	1714686868079	OK	 
REQUEST		request_4	1714686868054	1714686868154	OK	 
REQUEST		request_8	1714686868081	1714686868155	OK	 
REQUEST		request_4	1714686868099	1714686868196	OK	 
REQUEST		request_5	1714686868155	1714686868293	OK	 
REQUEST		request_4	1714686868202	1714686868305	OK	 
REQUEST		request_5	1714686868199	1714686868342	OK	 
REQUEST		request_5	1714686868306	1714686868439	OK	 
REQUEST		request_7	1714686868418	1714686868522	OK	 
REQUEST		request_8	1714686868522	1714686868592	OK	 
REQUEST		request_6	1714686868797	1714686868851	OK	 
REQUEST		request_7	1714686868906	1714686869011	OK	 
REQUEST		request_8	1714686869011	1714686869081	OK	 
REQUEST		request_4	1714686869164	1714686869260	OK	 
REQUEST		request_7	1714686869239	1714686869338	OK	 
REQUEST		request_5	1714686869261	1714686869396	OK	 
REQUEST		request_4	1714686869304	1714686869400	OK	 
REQUEST		request_8	1714686869338	1714686869410	OK	 
REQUEST		request_5	1714686869401	1714686869534	OK	 
USER	RecordedSimulation	START	1714686869683
REQUEST		request_0	1714686869682	1714686869782	OK	 
REQUEST		request_1	1714686869783	1714686869832	OK	 
REQUEST		request_3	1714686869784	1714686869881	OK	 
REQUEST		request_2	1714686869783	1714686869881	OK	 
REQUEST		request_4	1714686869973	1714686870075	OK	 
USER	RecordedSimulation	START	1714686870158
REQUEST		request_5	1714686870078	1714686870209	OK	 
REQUEST		request_0	1714686870156	1714686870256	OK	 
REQUEST		request_1	1714686870258	1714686870306	OK	 
REQUEST		request_2	1714686870258	1714686870357	OK	 
REQUEST		request_3	1714686870259	1714686870358	OK	 
REQUEST		request_6	1714686870366	1714686870419	OK	 
REQUEST		request_7	1714686870412	1714686870510	OK	 
REQUEST		request_8	1714686870511	1714686870583	OK	 
REQUEST		request_4	1714686870549	1714686870653	OK	 
REQUEST		request_6	1714686870641	1714686870695	OK	 
REQUEST		request_5	1714686870655	1714686870787	OK	 
REQUEST		request_4	1714686870755	1714686870855	OK	 
REQUEST		request_7	1714686870746	1714686870855	OK	 
REQUEST		request_8	1714686870857	1714686870927	OK	 
REQUEST		request_6	1714686870912	1714686870966	OK	 
REQUEST		request_5	1714686870856	1714686870988	OK	 
USER	RecordedSimulation	START	1714686871017
REQUEST		request_7	1714686870927	1714686871027	OK	 
REQUEST		request_8	1714686871028	1714686871100	OK	 
REQUEST		request_0	1714686871017	1714686871118	OK	 
REQUEST		request_1	1714686871120	1714686871172	OK	 
REQUEST		request_2	1714686871121	1714686871223	OK	 
REQUEST		request_3	1714686871122	1714686871225	OK	 
USER	RecordedSimulation	START	1714686871355
REQUEST		request_6	1714686871308	1714686871361	OK	 
REQUEST		request_6	1714686871354	1714686871406	OK	 
REQUEST		request_0	1714686871354	1714686871453	OK	 
REQUEST		request_6	1714686871444	1714686871497	OK	 
REQUEST		request_1	1714686871454	1714686871504	OK	 
REQUEST		request_2	1714686871454	1714686871556	OK	 
REQUEST		request_3	1714686871455	1714686871557	OK	 
REQUEST		request_9	1714686871554	1714686871655	OK	 
REQUEST		request_7	1714686871554	1714686871658	OK	 
REQUEST		request_10	1714686871656	1714686871727	OK	 
REQUEST		request_8	1714686871658	1714686871733	OK	 
REQUEST		request_4	1714686871714	1714686871811	OK	 
REQUEST		request_4	1714686871781	1714686871886	OK	 
REQUEST		request_7	1714686871781	1714686871888	OK	 
REQUEST		request_5	1714686871812	1714686871947	OK	 
REQUEST		request_8	1714686871889	1714686871956	OK	 
REQUEST		request_9	1714686871871	1714686871975	OK	 
REQUEST		request_5	1714686871888	1714686872023	OK	 
REQUEST		request_10	1714686871978	1714686872046	OK	 
USER	RecordedSimulation	START	1714686872222
USER	RecordedSimulation	START	1714686872251
REQUEST		request_7	1714686872192	1714686872295	OK	 
REQUEST		request_0	1714686872221	1714686872324	OK	 
REQUEST		request_4	1714686872237	1714686872339	OK	 
REQUEST		request_7	1714686872237	1714686872342	OK	 
REQUEST		request_0	1714686872251	1714686872352	OK	 
REQUEST		request_8	1714686872296	1714686872365	OK	 
REQUEST		request_1	1714686872325	1714686872375	OK	 
REQUEST		request_1	1714686872353	1714686872400	OK	 
REQUEST		request_8	1714686872343	1714686872411	OK	 
REQUEST		request_2	1714686872326	1714686872426	OK	 
REQUEST		request_3	1714686872326	1714686872427	OK	 
REQUEST		request_2	1714686872353	1714686872453	OK	 
REQUEST		request_3	1714686872354	1714686872453	OK	 
REQUEST		request_6	1714686872402	1714686872455	OK	 
REQUEST		request_5	1714686872340	1714686872478	OK	 
REQUEST		request_9	1714686872402	1714686872500	OK	 
REQUEST		request_9	1714686872402	1714686872501	OK	 
REQUEST		request_10	1714686872502	1714686872580	OK	 
REQUEST		request_10	1714686872503	1714686872581	OK	 
REQUEST		request_6	1714686872539	1714686872594	OK	 
REQUEST		request_4	1714686872523	1714686872621	OK	 
USER	RecordedSimulation	START	1714686872660
REQUEST		request_5	1714686872623	1714686872755	OK	 
REQUEST		request_0	1714686872659	1714686872758	OK	 
REQUEST		request_1	1714686872759	1714686872808	OK	 
REQUEST		request_2	1714686872760	1714686872869	OK	 
REQUEST		request_3	1714686872761	1714686872870	OK	 
REQUEST		request_9	1714686872888	1714686872990	OK	 
REQUEST		request_9	1714686872903	1714686873007	OK	 
REQUEST		request_10	1714686872992	1714686873058	OK	 
REQUEST		request_10	1714686873009	1714686873075	OK	 
REQUEST		request_4	1714686873006	1714686873105	OK	 
REQUEST		request_5	1714686873106	1714686873243	OK	 
REQUEST		request_6	1714686873225	1714686873279	OK	 
REQUEST		request_9	1714686873194	1714686873297	OK	 
REQUEST		request_10	1714686873300	1714686873366	OK	 
REQUEST		request_7	1714686873347	1714686873453	OK	 
USER	RecordedSimulation	START	1714686873471
REQUEST		request_8	1714686873454	1714686873523	OK	 
USER	RecordedSimulation	START	1714686873563
REQUEST		request_0	1714686873469	1714686873571	OK	 
REQUEST		request_1	1714686873573	1714686873627	OK	 
REQUEST		request_0	1714686873561	1714686873664	OK	 
REQUEST		request_2	1714686873575	1714686873677	OK	 
REQUEST		request_3	1714686873577	1714686873679	OK	 
REQUEST		request_1	1714686873666	1714686873719	OK	 
REQUEST		request_3	1714686873667	1714686873767	OK	 
REQUEST		request_2	1714686873666	1714686873767	OK	 
REQUEST		request_6	1714686873790	1714686873844	OK	 
REQUEST		request_11	1714686873729	1714686873898	OK	 
REQUEST		request_9	1714686873806	1714686873911	OK	 
REQUEST		request_10	1714686873912	1714686873978	OK	 
REQUEST		request_6	1714686874002	1714686874055	OK	 
REQUEST		request_11	1714686874063	1714686874236	OK	 
REQUEST		request_9	1714686874184	1714686874280	OK	 
REQUEST		request_10	1714686874280	1714686874347	OK	 
USER	RecordedSimulation	START	1714686874460
REQUEST		request_7	1714686874397	1714686874499	OK	 
REQUEST		request_0	1714686874459	1714686874566	OK	 
REQUEST		request_8	1714686874500	1714686874577	OK	 
REQUEST		request_1	1714686874568	1714686874621	OK	 
USER	RecordedSimulation	START	1714686874671
REQUEST		request_2	1714686874569	1714686874679	OK	 
REQUEST		request_3	1714686874572	1714686874685	OK	 
REQUEST		request_11	1714686874596	1714686874760	OK	 
REQUEST		request_0	1714686874671	1714686874767	OK	 
REQUEST		request_11	1714686874596	1714686874770	OK	 
USER	RecordedSimulation	START	1714686874808
REQUEST		request_1	1714686874768	1714686874815	OK	 
REQUEST		request_3	1714686874768	1714686874864	OK	 
REQUEST		request_2	1714686874768	1714686874866	OK	 
REQUEST		request_0	1714686874807	1714686874904	OK	 
USER	RecordedSimulation	START	1714686874914
REQUEST		request_1	1714686874905	1714686874956	OK	 
REQUEST		request_12	1714686874914	1714686874979	OK	 
USER	RecordedSimulation	END	1714686874982
REQUEST		request_4	1714686874883	1714686874985	OK	 
REQUEST		request_2	1714686874905	1714686875009	OK	 
REQUEST		request_3	1714686874906	1714686875009	OK	 
REQUEST		request_0	1714686874914	1714686875010	OK	 
REQUEST		request_6	1714686874960	1714686875011	OK	 
REQUEST		request_1	1714686875010	1714686875062	OK	 
REQUEST		request_6	1714686875035	1714686875088	OK	 
REQUEST		request_2	1714686875011	1714686875111	OK	 
REQUEST		request_3	1714686875011	1714686875112	OK	 
REQUEST		request_5	1714686874986	1714686875120	OK	 
REQUEST		request_11	1714686875064	1714686875221	OK	 
REQUEST		request_11	1714686875080	1714686875238	OK	 
REQUEST		request_9	1714686875171	1714686875272	OK	 
REQUEST		request_12	1714686875246	1714686875310	OK	 
USER	RecordedSimulation	END	1714686875312
REQUEST		request_10	1714686875273	1714686875336	OK	 
REQUEST		request_4	1714686875360	1714686875461	OK	 
REQUEST		request_6	1714686875488	1714686875541	OK	 
REQUEST		request_11	1714686875382	1714686875540	OK	 
REQUEST		request_5	1714686875462	1714686875593	OK	 
REQUEST		request_9	1714686875596	1714686875698	OK	 
REQUEST		request_10	1714686875699	1714686875761	OK	 
REQUEST		request_6	1714686875760	1714686875812	OK	 
REQUEST		request_12	1714686875776	1714686875840	OK	 
USER	RecordedSimulation	END	1714686875841
REQUEST		request_12	1714686875776	1714686875845	OK	 
USER	RecordedSimulation	END	1714686875846
USER	RecordedSimulation	START	1714686875868
REQUEST		request_7	1714686875852	1714686875955	OK	 
REQUEST		request_0	1714686875868	1714686875973	OK	 
REQUEST		request_1	1714686875975	1714686876026	OK	 
REQUEST		request_8	1714686875957	1714686876030	OK	 
REQUEST		request_2	1714686875976	1714686876077	OK	 
REQUEST		request_3	1714686875976	1714686876081	OK	 
REQUEST		request_11	1714686875990	1714686876154	OK	 
REQUEST		request_9	1714686876095	1714686876192	OK	 
REQUEST		request_10	1714686876193	1714686876261	OK	 
REQUEST		request_12	1714686876233	1714686876294	OK	 
USER	RecordedSimulation	END	1714686876295
REQUEST		request_6	1714686876247	1714686876324	OK	 
REQUEST		request_4	1714686876233	1714686876333	OK	 
REQUEST		request_12	1714686876247	1714686876333	OK	 
USER	RecordedSimulation	END	1714686876334
USER	RecordedSimulation	START	1714686876375
REQUEST		request_5	1714686876334	1714686876471	OK	 
REQUEST		request_0	1714686876374	1714686876476	OK	 
REQUEST		request_11	1714686876357	1714686876523	OK	 
REQUEST		request_9	1714686876420	1714686876524	OK	 
REQUEST		request_1	1714686876477	1714686876525	OK	 
REQUEST		request_2	1714686876477	1714686876578	OK	 
REQUEST		request_3	1714686876478	1714686876579	OK	 
REQUEST		request_10	1714686876527	1714686876592	OK	 
REQUEST		request_12	1714686876558	1714686876619	OK	 
USER	RecordedSimulation	END	1714686876620
REQUEST		request_4	1714686876573	1714686876677	OK	 
USER	RecordedSimulation	START	1714686876805
USER	RecordedSimulation	START	1714686876806
REQUEST		request_5	1714686876679	1714686876814	OK	 
REQUEST		request_0	1714686876804	1714686876906	OK	 
REQUEST		request_0	1714686876804	1714686876906	OK	 
USER	RecordedSimulation	START	1714686876929
REQUEST		request_1	1714686876908	1714686876956	OK	 
REQUEST		request_1	1714686876908	1714686876956	OK	 
REQUEST		request_2	1714686876908	1714686877012	OK	 
REQUEST		request_3	1714686876911	1714686877013	OK	 
REQUEST		request_2	1714686876909	1714686877015	OK	 
REQUEST		request_3	1714686876911	1714686877016	OK	 
REQUEST		request_0	1714686876926	1714686877025	OK	 
USER	RecordedSimulation	START	1714686877047
REQUEST		request_1	1714686877027	1714686877078	OK	 
REQUEST		request_2	1714686877027	1714686877128	OK	 
REQUEST		request_3	1714686877029	1714686877133	OK	 
REQUEST		request_0	1714686877046	1714686877146	OK	 
REQUEST		request_1	1714686877148	1714686877201	OK	 
USER	RecordedSimulation	START	1714686877218
REQUEST		request_12	1714686877171	1714686877234	OK	 
USER	RecordedSimulation	END	1714686877237
REQUEST		request_2	1714686877149	1714686877254	OK	 
REQUEST		request_3	1714686877150	1714686877256	OK	 
REQUEST		request_0	1714686877216	1714686877317	OK	 
USER	RecordedSimulation	START	1714686877353
REQUEST		request_1	1714686877319	1714686877367	OK	 
REQUEST		request_3	1714686877320	1714686877416	OK	 
REQUEST		request_2	1714686877319	1714686877422	OK	 
REQUEST		request_0	1714686877352	1714686877454	OK	 
REQUEST		request_1	1714686877457	1714686877507	OK	 
REQUEST		request_11	1714686877352	1714686877514	OK	 
REQUEST		request_4	1714686877431	1714686877533	OK	 
REQUEST		request_7	1714686877430	1714686877534	OK	 
REQUEST		request_4	1714686877455	1714686877553	OK	 
REQUEST		request_3	1714686877461	1714686877565	OK	 
REQUEST		request_2	1714686877459	1714686877565	OK	 
REQUEST		request_12	1714686877536	1714686877601	OK	 
USER	RecordedSimulation	END	1714686877601
REQUEST		request_8	1714686877534	1714686877604	OK	 
REQUEST		request_5	1714686877534	1714686877677	OK	 
REQUEST		request_5	1714686877554	1714686877693	OK	 
REQUEST		request_9	1714686877598	1714686877700	OK	 
REQUEST		request_10	1714686877702	1714686877767	OK	 
REQUEST		request_7	1714686877705	1714686877807	OK	 
REQUEST		request_8	1714686877807	1714686877881	OK	 
REQUEST		request_11	1714686877767	1714686877927	OK	 
REQUEST		request_4	1714686877872	1714686877971	OK	 
USER	RecordedSimulation	START	1714686877980
REQUEST		request_9	1714686877933	1714686878030	OK	 
USER	RecordedSimulation	START	1714686878072
REQUEST		request_0	1714686877980	1714686878080	OK	 
REQUEST		request_7	1714686877980	1714686878080	OK	 
REQUEST		request_10	1714686878032	1714686878096	OK	 
REQUEST		request_5	1714686877971	1714686878114	OK	 
REQUEST		request_1	1714686878081	1714686878129	OK	 
REQUEST		request_8	1714686878081	1714686878148	OK	 
REQUEST		request_0	1714686878071	1714686878176	OK	 
REQUEST		request_3	1714686878081	1714686878179	OK	 
REQUEST		request_2	1714686878081	1714686878179	OK	 
REQUEST		request_6	1714686878131	1714686878182	OK	 
REQUEST		request_9	1714686878116	1714686878218	OK	 
REQUEST		request_1	1714686878177	1714686878225	OK	 
REQUEST		request_2	1714686878178	1714686878277	OK	 
REQUEST		request_3	1714686878179	1714686878279	OK	 
REQUEST		request_10	1714686878219	1714686878285	OK	 
USER	RecordedSimulation	START	1714686878346
REQUEST		request_11	1714686878268	1714686878432	OK	 
REQUEST		request_0	1714686878345	1714686878442	OK	 
REQUEST		request_7	1714686878377	1714686878488	OK	 
REQUEST		request_1	1714686878442	1714686878492	OK	 
REQUEST		request_7	1714686878423	1714686878523	OK	 
REQUEST		request_2	1714686878442	1714686878543	OK	 
REQUEST		request_3	1714686878443	1714686878547	OK	 
REQUEST		request_8	1714686878490	1714686878561	OK	 
REQUEST		request_12	1714686878529	1714686878593	OK	 
USER	RecordedSimulation	END	1714686878593
REQUEST		request_7	1714686878499	1714686878599	OK	 
REQUEST		request_8	1714686878524	1714686878599	OK	 
REQUEST		request_6	1714686878607	1714686878661	OK	 
REQUEST		request_8	1714686878600	1714686878668	OK	 
REQUEST		request_11	1714686878607	1714686878767	OK	 
REQUEST		request_4	1714686878681	1714686878778	OK	 
REQUEST		request_9	1714686878742	1714686878841	OK	 
REQUEST		request_4	1714686878769	1714686878867	OK	 
REQUEST		request_10	1714686878844	1714686878907	OK	 
REQUEST		request_5	1714686878780	1714686878913	OK	 
REQUEST		request_5	1714686878869	1714686878998	OK	 
REQUEST		request_12	1714686878940	1714686879003	OK	 
USER	RecordedSimulation	END	1714686879003
REQUEST		request_9	1714686878970	1714686879066	OK	 
REQUEST		request_10	1714686879067	1714686879130	OK	 
REQUEST		request_9	1714686879380	1714686879478	OK	 
REQUEST		request_12	1714686879441	1714686879505	OK	 
USER	RecordedSimulation	END	1714686879508
REQUEST		request_9	1714686879426	1714686879523	OK	 
USER	RecordedSimulation	START	1714686879538
REQUEST		request_6	1714686879490	1714686879544	OK	 
REQUEST		request_10	1714686879482	1714686879547	OK	 
REQUEST		request_7	1714686879471	1714686879571	OK	 
REQUEST		request_10	1714686879524	1714686879584	OK	 
REQUEST		request_0	1714686879534	1714686879638	OK	 
REQUEST		request_8	1714686879573	1714686879641	OK	 
REQUEST		request_1	1714686879638	1714686879687	OK	 
REQUEST		request_7	1714686879607	1714686879713	OK	 
USER	RecordedSimulation	START	1714686879714
REQUEST		request_2	1714686879638	1714686879734	OK	 
REQUEST		request_3	1714686879639	1714686879735	OK	 
REQUEST		request_8	1714686879713	1714686879780	OK	 
REQUEST		request_4	1714686879686	1714686879781	OK	 
REQUEST		request_0	1714686879713	1714686879816	OK	 
REQUEST		request_12	1714686879773	1714686879834	OK	 
USER	RecordedSimulation	END	1714686879835
REQUEST		request_1	1714686879816	1714686879867	OK	 
REQUEST		request_6	1714686879820	1714686879871	OK	 
REQUEST		request_5	1714686879781	1714686879916	OK	 
REQUEST		request_3	1714686879816	1714686879918	OK	 
REQUEST		request_2	1714686879816	1714686879919	OK	 
REQUEST		request_11	1714686879773	1714686879939	OK	 
REQUEST		request_4	1714686879867	1714686879966	OK	 
USER	RecordedSimulation	START	1714686880050
REQUEST		request_5	1714686879968	1714686880106	OK	 
REQUEST		request_4	1714686880017	1714686880123	OK	 
REQUEST		request_0	1714686880049	1714686880151	OK	 
REQUEST		request_1	1714686880151	1714686880200	OK	 
REQUEST		request_4	1714686880113	1714686880211	OK	 
REQUEST		request_3	1714686880152	1714686880254	OK	 
REQUEST		request_2	1714686880152	1714686880255	OK	 
REQUEST		request_5	1714686880124	1714686880263	OK	 
REQUEST		request_11	1714686880109	1714686880274	OK	 
REQUEST		request_5	1714686880213	1714686880348	OK	 
REQUEST		request_7	1714686880290	1714686880400	OK	 
REQUEST		request_11	1714686880290	1714686880461	OK	 
REQUEST		request_8	1714686880401	1714686880469	OK	 
USER	RecordedSimulation	START	1714686880583
REQUEST		request_9	1714686880538	1714686880635	OK	 
REQUEST		request_0	1714686880583	1714686880687	OK	 
REQUEST		request_10	1714686880636	1714686880698	OK	 
REQUEST		request_1	1714686880687	1714686880737	OK	 
REQUEST		request_6	1714686880688	1714686880741	OK	 
REQUEST		request_6	1714686880704	1714686880755	OK	 
REQUEST		request_2	1714686880688	1714686880788	OK	 
REQUEST		request_3	1714686880688	1714686880789	OK	 
REQUEST		request_7	1714686880856	1714686880956	OK	 
USER	RecordedSimulation	START	1714686880965
REQUEST		request_12	1714686880948	1714686881025	OK	 
USER	RecordedSimulation	END	1714686881025
REQUEST		request_8	1714686880957	1714686881036	OK	 
REQUEST		request_0	1714686880964	1714686881080	OK	 
REQUEST		request_11	1714686880917	1714686881080	OK	 
REQUEST		request_1	1714686881081	1714686881133	OK	 
REQUEST		request_7	1714686881070	1714686881168	OK	 
REQUEST		request_4	1714686881084	1714686881182	OK	 
REQUEST		request_2	1714686881081	1714686881182	OK	 
REQUEST		request_3	1714686881082	1714686881182	OK	 
REQUEST		request_6	1714686881130	1714686881186	OK	 
REQUEST		request_8	1714686881169	1714686881236	OK	 
REQUEST		request_11	1714686881145	1714686881308	OK	 
REQUEST		request_5	1714686881183	1714686881316	OK	 
REQUEST		request_12	1714686881282	1714686881341	OK	 
USER	RecordedSimulation	END	1714686881342
REQUEST		request_12	1714686881465	1714686881526	OK	 
USER	RecordedSimulation	END	1714686881527
USER	RecordedSimulation	START	1714686881573
REQUEST		request_0	1714686881572	1714686881672	OK	 
REQUEST		request_4	1714686881580	1714686881676	OK	 
REQUEST		request_9	1714686881587	1714686881684	OK	 
REQUEST		request_11	1714686881557	1714686881718	OK	 
REQUEST		request_1	1714686881673	1714686881721	OK	 
REQUEST		request_10	1714686881685	1714686881746	OK	 
REQUEST		request_11	1714686881587	1714686881747	OK	 
REQUEST		request_2	1714686881673	1714686881773	OK	 
REQUEST		request_3	1714686881674	1714686881774	OK	 
REQUEST		request_5	1714686881676	1714686881815	OK	 
REQUEST		request_6	1714686881922	1714686881974	OK	 
REQUEST		request_6	1714686882013	1714686882068	OK	 
REQUEST		request_4	1714686882016	1714686882118	OK	 
REQUEST		request_7	1714686882014	1714686882121	OK	 
REQUEST		request_4	1714686882029	1714686882126	OK	 
REQUEST		request_12	1714686882089	1714686882150	OK	 
USER	RecordedSimulation	END	1714686882153
REQUEST		request_8	1714686882122	1714686882192	OK	 
REQUEST		request_7	1714686882105	1714686882206	OK	 
REQUEST		request_4	1714686882134	1714686882233	OK	 
REQUEST		request_5	1714686882119	1714686882259	OK	 
REQUEST		request_5	1714686882126	1714686882264	OK	 
REQUEST		request_8	1714686882207	1714686882273	OK	 
REQUEST		request_4	1714686882257	1714686882358	OK	 
REQUEST		request_5	1714686882234	1714686882366	OK	 
REQUEST		request_12	1714686882316	1714686882380	OK	 
USER	RecordedSimulation	END	1714686882381
REQUEST		request_5	1714686882358	1714686882491	OK	 
REQUEST		request_4	1714686882439	1714686882540	OK	 
REQUEST		request_7	1714686882546	1714686882645	OK	 
REQUEST		request_5	1714686882541	1714686882670	OK	 
REQUEST		request_4	1714686882575	1714686882677	OK	 
REQUEST		request_8	1714686882646	1714686882711	OK	 
REQUEST		request_12	1714686882729	1714686882792	OK	 
USER	RecordedSimulation	END	1714686882793
REQUEST		request_5	1714686882677	1714686882816	OK	 
REQUEST		request_12	1714686882759	1714686882827	OK	 
USER	RecordedSimulation	END	1714686882828
REQUEST		request_11	1714686882713	1714686882876	OK	 
REQUEST		request_7	1714686882821	1714686882927	OK	 
USER	RecordedSimulation	START	1714686882960
REQUEST		request_6	1714686882928	1714686882980	OK	 
REQUEST		request_8	1714686882928	1714686882994	OK	 
REQUEST		request_0	1714686882959	1714686883057	OK	 
REQUEST		request_1	1714686883058	1714686883106	OK	 
REQUEST		request_9	1714686883035	1714686883136	OK	 
REQUEST		request_3	1714686883060	1714686883160	OK	 
REQUEST		request_2	1714686883059	1714686883160	OK	 
REQUEST		request_6	1714686883110	1714686883163	OK	 
REQUEST		request_10	1714686883137	1714686883201	OK	 
REQUEST		request_4	1714686883180	1714686883280	OK	 
REQUEST		request_6	1714686883277	1714686883332	OK	 
REQUEST		request_4	1714686883291	1714686883389	OK	 
REQUEST		request_6	1714686883352	1714686883404	OK	 
REQUEST		request_5	1714686883282	1714686883419	OK	 
REQUEST		request_7	1714686883337	1714686883434	OK	 
REQUEST		request_8	1714686883434	1714686883504	OK	 
REQUEST		request_5	1714686883389	1714686883521	OK	 
REQUEST		request_4	1714686883550	1714686883649	OK	 
REQUEST		request_5	1714686883651	1714686883786	OK	 
REQUEST		request_11	1714686883748	1714686883913	OK	 
REQUEST		request_12	1714686883885	1714686883998	OK	 
USER	RecordedSimulation	END	1714686884000
USER	RecordedSimulation	START	1714686884098
REQUEST		request_0	1714686884096	1714686884199	OK	 
REQUEST		request_1	1714686884200	1714686884249	OK	 
REQUEST		request_2	1714686884201	1714686884307	OK	 
REQUEST		request_3	1714686884203	1714686884308	OK	 
REQUEST		request_6	1714686884324	1714686884380	OK	 
REQUEST		request_9	1714686884617	1714686884715	OK	 
REQUEST		request_10	1714686884716	1714686884778	OK	 
REQUEST		request_4	1714686884736	1714686884835	OK	 
REQUEST		request_6	1714686884831	1714686884887	OK	 
REQUEST		request_5	1714686884835	1714686884963	OK	 
REQUEST		request_9	1714686884893	1714686884988	OK	 
REQUEST		request_4	1714686884924	1714686885022	OK	 
REQUEST		request_12	1714686884924	1714686885031	OK	 
USER	RecordedSimulation	END	1714686885031
REQUEST		request_10	1714686884988	1714686885050	OK	 
USER	RecordedSimulation	START	1714686885139
REQUEST		request_5	1714686885023	1714686885154	OK	 
REQUEST		request_0	1714686885138	1714686885242	OK	 
REQUEST		request_9	1714686885153	1714686885255	OK	 
REQUEST		request_7	1714686885183	1714686885287	OK	 
REQUEST		request_1	1714686885243	1714686885292	OK	 
REQUEST		request_10	1714686885256	1714686885319	OK	 
REQUEST		request_6	1714686885276	1714686885328	OK	 
REQUEST		request_6	1714686885276	1714686885328	OK	 
REQUEST		request_2	1714686885244	1714686885342	OK	 
REQUEST		request_3	1714686885244	1714686885342	OK	 
REQUEST		request_4	1714686885257	1714686885354	OK	 
REQUEST		request_8	1714686885288	1714686885359	OK	 
USER	RecordedSimulation	START	1714686885369
REQUEST		request_11	1714686885214	1714686885375	OK	 
REQUEST		request_6	1714686885368	1714686885420	OK	 
REQUEST		request_0	1714686885368	1714686885466	OK	 
REQUEST		request_5	1714686885355	1714686885491	OK	 
REQUEST		request_1	1714686885467	1714686885517	OK	 
REQUEST		request_6	1714686885507	1714686885562	OK	 
REQUEST		request_2	1714686885468	1714686885567	OK	 
REQUEST		request_3	1714686885469	1714686885567	OK	 
USER	RecordedSimulation	START	1714686885644
REQUEST		request_9	1714686885566	1714686885664	OK	 
REQUEST		request_9	1714686885612	1714686885710	OK	 
REQUEST		request_6	1714686885673	1714686885726	OK	 
REQUEST		request_10	1714686885665	1714686885729	OK	 
REQUEST		request_0	1714686885642	1714686885744	OK	 
REQUEST		request_9	1714686885673	1714686885769	OK	 
REQUEST		request_10	1714686885711	1714686885773	OK	 
REQUEST		request_7	1714686885673	1714686885773	OK	 
USER	RecordedSimulation	START	1714686885782
REQUEST		request_1	1714686885744	1714686885793	OK	 
REQUEST		request_10	1714686885770	1714686885835	OK	 
REQUEST		request_8	1714686885773	1714686885844	OK	 
REQUEST		request_3	1714686885746	1714686885853	OK	 
REQUEST		request_2	1714686885744	1714686885853	OK	 
REQUEST		request_6	1714686885826	1714686885878	OK	 
REQUEST		request_0	1714686885780	1714686885881	OK	 
REQUEST		request_4	1714686885791	1714686885892	OK	 
REQUEST		request_1	1714686885882	1714686885930	OK	 
REQUEST		request_2	1714686885883	1714686885982	OK	 
REQUEST		request_3	1714686885884	1714686885982	OK	 
REQUEST		request_5	1714686885893	1714686886029	OK	 
REQUEST		request_4	1714686886191	1714686886293	OK	 
REQUEST		request_5	1714686886294	1714686886425	OK	 
REQUEST		request_6	1714686886421	1714686886474	OK	 
REQUEST		request_12	1714686886390	1714686886499	OK	 
USER	RecordedSimulation	END	1714686886501
REQUEST		request_6	1714686886528	1714686886579	OK	 
REQUEST		request_7	1714686886558	1714686886662	OK	 
REQUEST		request_8	1714686886663	1714686886730	OK	 
REQUEST		request_9	1714686886650	1714686886747	OK	 
REQUEST		request_10	1714686886747	1714686886807	OK	 
REQUEST		request_6	1714686886802	1714686886853	OK	 
REQUEST		request_4	1714686886777	1714686886879	OK	 
REQUEST		request_9	1714686886787	1714686886884	OK	 
USER	RecordedSimulation	START	1714686886895
REQUEST		request_10	1714686886885	1714686886944	OK	 
REQUEST		request_11	1714686886787	1714686886948	OK	 
REQUEST		request_7	1714686886879	1714686886985	OK	 
REQUEST		request_0	1714686886895	1714686886996	OK	 
REQUEST		request_5	1714686886880	1714686887018	OK	 
REQUEST		request_1	1714686886997	1714686887047	OK	 
REQUEST		request_8	1714686886986	1714686887052	OK	 
USER	RecordedSimulation	START	1714686887079
REQUEST		request_2	1714686886998	1714686887100	OK	 
REQUEST		request_3	1714686886999	1714686887101	OK	 
REQUEST		request_0	1714686887078	1714686887176	OK	 
REQUEST		request_1	1714686887178	1714686887228	OK	 
REQUEST		request_11	1714686887063	1714686887228	OK	 
REQUEST		request_3	1714686887179	1714686887279	OK	 
REQUEST		request_2	1714686887178	1714686887280	OK	 
REQUEST		request_11	1714686887326	1714686887495	OK	 
USER	RecordedSimulation	START	1714686887497
USER	RecordedSimulation	START	1714686887542
REQUEST		request_9	1714686887481	1714686887581	OK	 
REQUEST		request_0	1714686887497	1714686887594	OK	 
REQUEST		request_0	1714686887542	1714686887640	OK	 
REQUEST		request_1	1714686887594	1714686887648	OK	 
REQUEST		request_10	1714686887582	1714686887648	OK	 
REQUEST		request_1	1714686887642	1714686887693	OK	 
REQUEST		request_2	1714686887594	1714686887697	OK	 
REQUEST		request_3	1714686887595	1714686887698	OK	 
REQUEST		request_3	1714686887643	1714686887740	OK	 
REQUEST		request_2	1714686887642	1714686887741	OK	 
REQUEST		request_7	1714686887756	1714686887859	OK	 
REQUEST		request_7	1714686887757	1714686887859	OK	 
REQUEST		request_11	1714686887741	1714686887914	OK	 
REQUEST		request_8	1714686887859	1714686887930	OK	 
REQUEST		request_8	1714686887860	1714686887931	OK	 
REQUEST		request_11	1714686887787	1714686887958	OK	 
REQUEST		request_11	1714686887847	1714686888008	OK	 
REQUEST		request_6	1714686887968	1714686888023	OK	 
REQUEST		request_12	1714686887953	1714686888070	OK	 
USER	RecordedSimulation	END	1714686888072
REQUEST		request_9	1714686888045	1714686888141	OK	 
USER	RecordedSimulation	START	1714686888182
REQUEST		request_10	1714686888143	1714686888204	OK	 
REQUEST		request_6	1714686888166	1714686888217	OK	 
REQUEST		request_4	1714686888161	1714686888261	OK	 
REQUEST		request_0	1714686888181	1714686888280	OK	 
REQUEST		request_7	1714686888196	1714686888299	OK	 
REQUEST		request_1	1714686888281	1714686888332	OK	 
REQUEST		request_9	1714686888241	1714686888336	OK	 
REQUEST		request_12	1714686888241	1714686888356	OK	 
USER	RecordedSimulation	END	1714686888356
REQUEST		request_8	1714686888300	1714686888365	OK	 
REQUEST		request_2	1714686888281	1714686888381	OK	 
REQUEST		request_3	1714686888283	1714686888382	OK	 
REQUEST		request_5	1714686888262	1714686888395	OK	 
REQUEST		request_10	1714686888337	1714686888398	OK	 
REQUEST		request_6	1714686888498	1714686888555	OK	 
USER	RecordedSimulation	START	1714686888604
REQUEST		request_12	1714686888498	1714686888611	OK	 
USER	RecordedSimulation	END	1714686888612
REQUEST		request_0	1714686888604	1714686888705	OK	 
REQUEST		request_1	1714686888707	1714686888756	OK	 
REQUEST		request_2	1714686888708	1714686888813	OK	 
REQUEST		request_3	1714686888710	1714686888816	OK	 
REQUEST		request_11	1714686888815	1714686888980	OK	 
REQUEST		request_12	1714686888921	1714686889036	OK	 
USER	RecordedSimulation	END	1714686889038
REQUEST		request_12	1714686888967	1714686889084	OK	 
USER	RecordedSimulation	END	1714686889086
REQUEST		request_7	1714686888983	1714686889087	OK	 
REQUEST		request_6	1714686889038	1714686889091	OK	 
REQUEST		request_11	1714686888952	1714686889116	OK	 
REQUEST		request_12	1714686889013	1714686889128	OK	 
USER	RecordedSimulation	END	1714686889130
REQUEST		request_8	1714686889088	1714686889156	OK	 
REQUEST		request_7	1714686889073	1714686889182	OK	 
REQUEST		request_8	1714686889183	1714686889251	OK	 
REQUEST		request_9	1714686889196	1714686889297	OK	 
REQUEST		request_10	1714686889298	1714686889361	OK	 
REQUEST		request_9	1714686889288	1714686889388	OK	 
REQUEST		request_4	1714686889309	1714686889407	OK	 
REQUEST		request_10	1714686889389	1714686889453	OK	 
REQUEST		request_6	1714686889439	1714686889502	OK	 
REQUEST		request_5	1714686889408	1714686889542	OK	 
USER	RecordedSimulation	START	1714686889625
REQUEST		request_0	1714686889624	1714686889723	OK	 
REQUEST		request_1	1714686889725	1714686889772	OK	 
REQUEST		request_9	1714686889715	1714686889814	OK	 
REQUEST		request_11	1714686889654	1714686889817	OK	 
REQUEST		request_2	1714686889726	1714686889824	OK	 
REQUEST		request_3	1714686889728	1714686889825	OK	 
REQUEST		request_10	1714686889814	1714686889873	OK	 
REQUEST		request_6	1714686890020	1714686890071	OK	 
REQUEST		request_7	1714686889989	1714686890090	OK	 
USER	RecordedSimulation	START	1714686890096
REQUEST		request_12	1714686889989	1714686890103	OK	 
USER	RecordedSimulation	END	1714686890103
REQUEST		request_9	1714686890005	1714686890104	OK	 
REQUEST		request_8	1714686890090	1714686890160	OK	 
REQUEST		request_10	1714686890104	1714686890163	OK	 
REQUEST		request_0	1714686890095	1714686890193	OK	 
REQUEST		request_12	1714686890125	1714686890236	OK	 
USER	RecordedSimulation	END	1714686890238
REQUEST		request_1	1714686890193	1714686890245	OK	 
REQUEST		request_7	1714686890170	1714686890276	OK	 
REQUEST		request_2	1714686890193	1714686890296	OK	 
REQUEST		request_3	1714686890194	1714686890297	OK	 
REQUEST		request_8	1714686890277	1714686890349	OK	 
REQUEST		request_11	1714686890217	1714686890390	OK	 
REQUEST		request_7	1714686890337	1714686890435	OK	 
REQUEST		request_4	1714686890352	1714686890449	OK	 
REQUEST		request_8	1714686890436	1714686890504	OK	 
REQUEST		request_7	1714686890413	1714686890517	OK	 
REQUEST		request_11	1714686890413	1714686890581	OK	 
REQUEST		request_8	1714686890518	1714686890584	OK	 
REQUEST		request_5	1714686890450	1714686890584	OK	 
REQUEST		request_9	1714686890520	1714686890618	OK	 
REQUEST		request_4	1714686890570	1714686890669	OK	 
REQUEST		request_10	1714686890618	1714686890676	OK	 
REQUEST		request_5	1714686890670	1714686890800	OK	 
REQUEST		request_12	1714686890823	1714686890935	OK	 
USER	RecordedSimulation	END	1714686890937
REQUEST		request_4	1714686890855	1714686890952	OK	 
USER	RecordedSimulation	START	1714686891053
REQUEST		request_4	1714686890985	1714686891081	OK	 
REQUEST		request_5	1714686890953	1714686891085	OK	 
REQUEST		request_0	1714686891052	1714686891151	OK	 
REQUEST		request_1	1714686891152	1714686891200	OK	 
REQUEST		request_5	1714686891082	1714686891213	OK	 
REQUEST		request_2	1714686891152	1714686891254	OK	 
REQUEST		request_3	1714686891152	1714686891255	OK	 
USER	RecordedSimulation	START	1714686891356
REQUEST		request_0	1714686891356	1714686891454	OK	 
REQUEST		request_6	1714686891401	1714686891455	OK	 
REQUEST		request_7	1714686891386	1714686891487	OK	 
REQUEST		request_1	1714686891456	1714686891505	OK	 
REQUEST		request_12	1714686891401	1714686891512	OK	 
USER	RecordedSimulation	END	1714686891513
REQUEST		request_11	1714686891371	1714686891540	OK	 
REQUEST		request_3	1714686891458	1714686891556	OK	 
REQUEST		request_8	1714686891488	1714686891556	OK	 
REQUEST		request_2	1714686891456	1714686891558	OK	 
REQUEST		request_11	1714686891461	1714686891622	OK	 
REQUEST		request_12	1714686891585	1714686891694	OK	 
USER	RecordedSimulation	END	1714686891696
REQUEST		request_7	1714686891888	1714686891992	OK	 
USER	RecordedSimulation	START	1714686892013
REQUEST		request_11	1714686891888	1714686892057	OK	 
REQUEST		request_8	1714686891993	1714686892060	OK	 
REQUEST		request_0	1714686892012	1714686892111	OK	 
REQUEST		request_1	1714686892111	1714686892158	OK	 
REQUEST		request_2	1714686892111	1714686892208	OK	 
REQUEST		request_3	1714686892112	1714686892208	OK	 
REQUEST		request_4	1714686892118	1714686892214	OK	 
REQUEST		request_5	1714686892216	1714686892347	OK	 
REQUEST		request_11	1714686892178	1714686892357	OK	 
REQUEST		request_4	1714686892284	1714686892382	OK	 
REQUEST		request_7	1714686892329	1714686892427	OK	 
REQUEST		request_7	1714686892344	1714686892446	OK	 
REQUEST		request_9	1714686892374	1714686892470	OK	 
REQUEST		request_8	1714686892428	1714686892494	OK	 
REQUEST		request_8	1714686892446	1714686892511	OK	 
REQUEST		request_5	1714686892382	1714686892512	OK	 
REQUEST		request_10	1714686892471	1714686892531	OK	 
REQUEST		request_7	1714686892435	1714686892534	OK	 
REQUEST		request_8	1714686892535	1714686892598	OK	 
REQUEST		request_6	1714686892556	1714686892607	OK	 
REQUEST		request_12	1714686892556	1714686892665	OK	 
USER	RecordedSimulation	END	1714686892666
REQUEST		request_7	1714686892572	1714686892671	OK	 
REQUEST		request_8	1714686892672	1714686892737	OK	 
REQUEST		request_12	1714686892632	1714686892740	OK	 
USER	RecordedSimulation	END	1714686892741
REQUEST		request_4	1714686892709	1714686892808	OK	 
REQUEST		request_7	1714686892740	1714686892838	OK	 
REQUEST		request_4	1714686892743	1714686892839	OK	 
REQUEST		request_11	1714686892679	1714686892844	OK	 
REQUEST		request_8	1714686892839	1714686892909	OK	 
REQUEST		request_5	1714686892809	1714686892940	OK	 
REQUEST		request_9	1714686892847	1714686892950	OK	 
REQUEST		request_5	1714686892840	1714686892972	OK	 
REQUEST		request_7	1714686892893	1714686892993	OK	 
REQUEST		request_10	1714686892951	1714686893011	OK	 
REQUEST		request_8	1714686892994	1714686893060	OK	 
USER	RecordedSimulation	START	1714686893138
REQUEST		request_12	1714686893062	1714686893178	OK	 
USER	RecordedSimulation	END	1714686893179
REQUEST		request_0	1714686893137	1714686893235	OK	 
REQUEST		request_1	1714686893236	1714686893284	OK	 
REQUEST		request_2	1714686893236	1714686893335	OK	 
REQUEST		request_3	1714686893236	1714686893337	OK	 
REQUEST		request_12	1714686893365	1714686893480	OK	 
REQUEST		request_4	1714686893382	1714686893480	OK	 
USER	RecordedSimulation	END	1714686893481
REQUEST		request_7	1714686893487	1714686893588	OK	 
REQUEST		request_5	1714686893480	1714686893608	OK	 
REQUEST		request_6	1714686893595	1714686893652	OK	 
REQUEST		request_8	1714686893589	1714686893656	OK	 
REQUEST		request_7	1714686893595	1714686893693	OK	 
REQUEST		request_8	1714686893693	1714686893760	OK	 
USER	RecordedSimulation	START	1714686893810
REQUEST		request_9	1714686893732	1714686893832	OK	 
REQUEST		request_6	1714686893808	1714686893860	OK	 
REQUEST		request_10	1714686893832	1714686893898	OK	 
REQUEST		request_0	1714686893808	1714686893910	OK	 
REQUEST		request_4	1714686893817	1714686893913	OK	 
REQUEST		request_1	1714686893912	1714686893961	OK	 
REQUEST		request_7	1714686893855	1714686893961	OK	 
REQUEST		request_12	1714686893855	1714686893965	OK	 
USER	RecordedSimulation	END	1714686893965
REQUEST		request_2	1714686893913	1714686894015	OK	 
REQUEST		request_3	1714686893915	1714686894015	OK	 
REQUEST		request_8	1714686893962	1714686894033	OK	 
REQUEST		request_5	1714686893914	1714686894048	OK	 
REQUEST		request_6	1714686894099	1714686894154	OK	 
REQUEST		request_9	1714686894068	1714686894166	OK	 
REQUEST		request_10	1714686894167	1714686894226	OK	 
REQUEST		request_6	1714686894220	1714686894271	OK	 
USER	RecordedSimulation	START	1714686894298
REQUEST		request_0	1714686894297	1714686894398	OK	 
USER	RecordedSimulation	START	1714686894450
REQUEST		request_1	1714686894399	1714686894450	OK	 
REQUEST		request_2	1714686894399	1714686894501	OK	 
REQUEST		request_3	1714686894400	1714686894501	OK	 
REQUEST		request_0	1714686894450	1714686894548	OK	 
REQUEST		request_1	1714686894549	1714686894602	OK	 
REQUEST		request_3	1714686894550	1714686894651	OK	 
REQUEST		request_2	1714686894549	1714686894652	OK	 
REQUEST		request_11	1714686894540	1714686894703	OK	 
USER	RecordedSimulation	START	1714686894815
REQUEST		request_0	1714686894814	1714686894917	OK	 
REQUEST		request_4	1714686894829	1714686894928	OK	 
REQUEST		request_1	1714686894918	1714686894970	OK	 
REQUEST		request_3	1714686894919	1714686895024	OK	 
REQUEST		request_2	1714686894919	1714686895024	OK	 
REQUEST		request_9	1714686894936	1714686895030	OK	 
REQUEST		request_9	1714686894936	1714686895030	OK	 
REQUEST		request_5	1714686894928	1714686895059	OK	 
REQUEST		request_10	1714686895030	1714686895092	OK	 
REQUEST		request_10	1714686895031	1714686895095	OK	 
REQUEST		request_7	1714686895026	1714686895125	OK	 
USER	RecordedSimulation	START	1714686895164
REQUEST		request_11	1714686895026	1714686895194	OK	 
REQUEST		request_8	1714686895126	1714686895194	OK	 
REQUEST		request_0	1714686895163	1714686895265	OK	 
REQUEST		request_1	1714686895266	1714686895320	OK	 
REQUEST		request_7	1714686895225	1714686895329	OK	 
REQUEST		request_2	1714686895266	1714686895371	OK	 
REQUEST		request_3	1714686895267	1714686895371	OK	 
REQUEST		request_8	1714686895330	1714686895397	OK	 
REQUEST		request_4	1714686895300	1714686895398	OK	 
REQUEST		request_6	1714686895361	1714686895416	OK	 
REQUEST		request_9	1714686895376	1714686895471	OK	 
REQUEST		request_5	1714686895398	1714686895527	OK	 
REQUEST		request_10	1714686895471	1714686895534	OK	 
REQUEST		request_6	1714686895527	1714686895577	OK	 
REQUEST		request_7	1714686895558	1714686895659	OK	 
REQUEST		request_8	1714686895660	1714686895727	OK	 
REQUEST		request_12	1714686895711	1714686895833	OK	 
USER	RecordedSimulation	END	1714686895836
USER	RecordedSimulation	START	1714686895868
REQUEST		request_0	1714686895866	1714686895963	OK	 
REQUEST		request_6	1714686895942	1714686895994	OK	 
REQUEST		request_1	1714686895964	1714686896013	OK	 
REQUEST		request_6	1714686895973	1714686896025	OK	 
REQUEST		request_2	1714686895964	1714686896063	OK	 
REQUEST		request_3	1714686895966	1714686896064	OK	 
REQUEST		request_11	1714686895911	1714686896135	OK	 
REQUEST		request_7	1714686896094	1714686896198	OK	 
REQUEST		request_9	1714686896170	1714686896265	OK	 
REQUEST		request_8	1714686896199	1714686896269	OK	 
REQUEST		request_12	1714686896201	1714686896316	OK	 
USER	RecordedSimulation	END	1714686896317
REQUEST		request_10	1714686896266	1714686896328	OK	 
REQUEST		request_4	1714686896260	1714686896356	OK	 
REQUEST		request_9	1714686896260	1714686896357	OK	 
USER	RecordedSimulation	START	1714686896413
REQUEST		request_10	1714686896358	1714686896417	OK	 
REQUEST		request_11	1714686896230	1714686896446	OK	 
REQUEST		request_5	1714686896356	1714686896489	OK	 
REQUEST		request_0	1714686896413	1714686896512	OK	 
REQUEST		request_1	1714686896513	1714686896560	OK	 
REQUEST		request_7	1714686896504	1714686896607	OK	 
REQUEST		request_2	1714686896513	1714686896611	OK	 
REQUEST		request_3	1714686896513	1714686896611	OK	 
REQUEST		request_4	1714686896565	1714686896665	OK	 
REQUEST		request_6	1714686896610	1714686896665	OK	 
REQUEST		request_8	1714686896607	1714686896678	OK	 
USER	RecordedSimulation	START	1714686896686
REQUEST		request_0	1714686896686	1714686896784	OK	 
REQUEST		request_5	1714686896665	1714686896798	OK	 
REQUEST		request_1	1714686896784	1714686896834	OK	 
REQUEST		request_2	1714686896785	1714686896883	OK	 
REQUEST		request_3	1714686896786	1714686896884	OK	 
REQUEST		request_6	1714686897050	1714686897105	OK	 
USER	RecordedSimulation	START	1714686897113
REQUEST		request_7	1714686897081	1714686897183	OK	 
REQUEST		request_0	1714686897112	1714686897212	OK	 
REQUEST		request_8	1714686897183	1714686897248	OK	 
REQUEST		request_12	1714686897142	1714686897254	OK	 
USER	RecordedSimulation	END	1714686897255
REQUEST		request_1	1714686897213	1714686897267	OK	 
REQUEST		request_9	1714686897172	1714686897271	OK	 
REQUEST		request_11	1714686897097	1714686897315	OK	 
REQUEST		request_4	1714686897209	1714686897315	OK	 
REQUEST		request_2	1714686897213	1714686897315	OK	 
REQUEST		request_3	1714686897214	1714686897316	OK	 
REQUEST		request_11	1714686897111	1714686897328	OK	 
REQUEST		request_10	1714686897271	1714686897332	OK	 
REQUEST		request_5	1714686897316	1714686897441	OK	 
REQUEST		request_9	1714686897353	1714686897456	OK	 
USER	RecordedSimulation	START	1714686897462
REQUEST		request_10	1714686897457	1714686897533	OK	 
REQUEST		request_0	1714686897460	1714686897578	OK	 
REQUEST		request_12	1714686897460	1714686897581	OK	 
USER	RecordedSimulation	END	1714686897585
REQUEST		request_9	1714686897506	1714686897601	OK	 
REQUEST		request_1	1714686897579	1714686897628	OK	 
REQUEST		request_10	1714686897602	1714686897663	OK	 
REQUEST		request_2	1714686897580	1714686897682	OK	 
REQUEST		request_3	1714686897581	1714686897682	OK	 
REQUEST		request_9	1714686897596	1714686897692	OK	 
REQUEST		request_11	1714686897537	1714686897748	OK	 
REQUEST		request_10	1714686897693	1714686897754	OK	 
USER	RecordedSimulation	START	1714686897826
USER	RecordedSimulation	START	1714686897911
REQUEST		request_0	1714686897825	1714686897928	OK	 
REQUEST		request_1	1714686897929	1714686897982	OK	 
REQUEST		request_0	1714686897910	1714686898007	OK	 
REQUEST		request_3	1714686897931	1714686898031	OK	 
REQUEST		request_2	1714686897930	1714686898031	OK	 
USER	RecordedSimulation	START	1714686898051
REQUEST		request_1	1714686898009	1714686898057	OK	 
REQUEST		request_3	1714686898011	1714686898111	OK	 
REQUEST		request_2	1714686898010	1714686898111	OK	 
REQUEST		request_6	1714686898066	1714686898118	OK	 
REQUEST		request_0	1714686898050	1714686898148	OK	 
REQUEST		request_1	1714686898149	1714686898197	OK	 
REQUEST		request_2	1714686898149	1714686898247	OK	 
REQUEST		request_3	1714686898150	1714686898247	OK	 
REQUEST		request_4	1714686898341	1714686898441	OK	 
REQUEST		request_12	1714686898326	1714686898441	OK	 
USER	RecordedSimulation	END	1714686898443
REQUEST		request_12	1714686898341	1714686898456	OK	 
USER	RecordedSimulation	END	1714686898457
USER	RecordedSimulation	START	1714686898528
REQUEST		request_11	1714686898334	1714686898554	OK	 
REQUEST		request_7	1714686898464	1714686898567	OK	 
REQUEST		request_5	1714686898442	1714686898572	OK	 
REQUEST		request_6	1714686898541	1714686898596	OK	 
REQUEST		request_0	1714686898527	1714686898624	OK	 
REQUEST		request_11	1714686898418	1714686898628	OK	 
REQUEST		request_8	1714686898568	1714686898639	OK	 
REQUEST		request_9	1714686898572	1714686898669	OK	 
REQUEST		request_1	1714686898624	1714686898674	OK	 
REQUEST		request_3	1714686898625	1714686898724	OK	 
REQUEST		request_2	1714686898625	1714686898725	OK	 
REQUEST		request_10	1714686898670	1714686898734	OK	 
USER	RecordedSimulation	START	1714686898787
USER	RecordedSimulation	START	1714686898817
REQUEST		request_12	1714686898756	1714686898873	OK	 
USER	RecordedSimulation	END	1714686898876
REQUEST		request_0	1714686898786	1714686898885	OK	 
REQUEST		request_0	1714686898817	1714686898913	OK	 
REQUEST		request_1	1714686898887	1714686898935	OK	 
REQUEST		request_1	1714686898914	1714686898963	OK	 
REQUEST		request_2	1714686898888	1714686898986	OK	 
REQUEST		request_3	1714686898888	1714686898987	OK	 
REQUEST		request_2	1714686898914	1714686899015	OK	 
REQUEST		request_3	1714686898916	1714686899016	OK	 
REQUEST		request_4	1714686899016	1714686899115	OK	 
REQUEST		request_9	1714686899072	1714686899168	OK	 
REQUEST		request_10	1714686899169	1714686899230	OK	 
REQUEST		request_5	1714686899115	1714686899245	OK	 
USER	RecordedSimulation	START	1714686899424
REQUEST		request_0	1714686899423	1714686899525	OK	 
REQUEST		request_6	1714686899500	1714686899552	OK	 
REQUEST		request_11	1714686899347	1714686899566	OK	 
REQUEST		request_1	1714686899526	1714686899578	OK	 
REQUEST		request_9	1714686899500	1714686899594	OK	 
REQUEST		request_9	1714686899515	1714686899620	OK	 
REQUEST		request_4	1714686899515	1714686899620	OK	 
REQUEST		request_3	1714686899527	1714686899627	OK	 
REQUEST		request_2	1714686899526	1714686899628	OK	 
REQUEST		request_10	1714686899595	1714686899657	OK	 
REQUEST		request_12	1714686899561	1714686899672	OK	 
USER	RecordedSimulation	END	1714686899672
REQUEST		request_10	1714686899621	1714686899680	OK	 
REQUEST		request_9	1714686899607	1714686899703	OK	 
REQUEST		request_7	1714686899622	1714686899723	OK	 
REQUEST		request_12	1714686899637	1714686899749	OK	 
USER	RecordedSimulation	END	1714686899749
REQUEST		request_4	1714686899652	1714686899750	OK	 
REQUEST		request_5	1714686899621	1714686899755	OK	 
REQUEST		request_10	1714686899703	1714686899762	OK	 
REQUEST		request_11	1714686899546	1714686899770	OK	 
REQUEST		request_8	1714686899723	1714686899804	OK	 
REQUEST		request_9	1714686899744	1714686899839	OK	 
REQUEST		request_6	1714686899805	1714686899859	OK	 
REQUEST		request_5	1714686899750	1714686899883	OK	 
REQUEST		request_10	1714686899839	1714686899903	OK	 
REQUEST		request_11	1714686899669	1714686899907	OK	 
REQUEST		request_11	1714686899759	1714686899975	OK	 
REQUEST		request_9	1714686899913	1714686900010	OK	 
REQUEST		request_10	1714686900011	1714686900073	OK	 
REQUEST		request_4	1714686900025	1714686900126	OK	 
REQUEST		request_9	1714686900067	1714686900163	OK	 
REQUEST		request_10	1714686900164	1714686900228	OK	 
REQUEST		request_5	1714686900127	1714686900263	OK	 
USER	RecordedSimulation	START	1714686900265
REQUEST		request_0	1714686900264	1714686900365	OK	 
REQUEST		request_1	1714686900366	1714686900414	OK	 
REQUEST		request_2	1714686900366	1714686900465	OK	 
REQUEST		request_3	1714686900366	1714686900465	OK	 
REQUEST		request_4	1714686900387	1714686900487	OK	 
REQUEST		request_6	1714686900449	1714686900502	OK	 
USER	RecordedSimulation	START	1714686900617
REQUEST		request_5	1714686900487	1714686900621	OK	 
REQUEST		request_12	1714686900571	1714686900693	OK	 
USER	RecordedSimulation	END	1714686900694
REQUEST		request_0	1714686900617	1714686900716	OK	 
REQUEST		request_1	1714686900717	1714686900771	OK	 
REQUEST		request_9	1714686900662	1714686900772	OK	 
REQUEST		request_7	1714686900662	1714686900774	OK	 
REQUEST		request_2	1714686900717	1714686900821	OK	 
REQUEST		request_3	1714686900718	1714686900821	OK	 
REQUEST		request_10	1714686900773	1714686900835	OK	 
REQUEST		request_8	1714686900776	1714686900848	OK	 
REQUEST		request_9	1714686900770	1714686900868	OK	 
REQUEST		request_12	1714686900785	1714686900899	OK	 
USER	RecordedSimulation	END	1714686900901
REQUEST		request_10	1714686900869	1714686900931	OK	 
REQUEST		request_11	1714686900740	1714686900951	OK	 
REQUEST		request_7	1714686900861	1714686900963	OK	 
REQUEST		request_8	1714686900964	1714686901035	OK	 
REQUEST		request_12	1714686900922	1714686901036	OK	 
USER	RecordedSimulation	END	1714686901037
REQUEST		request_12	1714686900984	1714686901103	OK	 
USER	RecordedSimulation	END	1714686901104
REQUEST		request_9	1714686901043	1714686901156	OK	 
REQUEST		request_4	1714686901066	1714686901167	OK	 
REQUEST		request_10	1714686901156	1714686901221	OK	 
REQUEST		request_7	1714686901166	1714686901268	OK	 
REQUEST		request_5	1714686901168	1714686901305	OK	 
REQUEST		request_8	1714686901268	1714686901335	OK	 
REQUEST		request_7	1714686901273	1714686901382	OK	 
REQUEST		request_8	1714686901383	1714686901451	OK	 
REQUEST		request_11	1714686901242	1714686901462	OK	 
USER	RecordedSimulation	START	1714686901474
REQUEST		request_0	1714686901473	1714686901581	OK	 
REQUEST		request_1	1714686901582	1714686901629	OK	 
REQUEST		request_6	1714686901579	1714686901632	OK	 
REQUEST		request_2	1714686901582	1714686901677	OK	 
REQUEST		request_3	1714686901582	1714686901678	OK	 
REQUEST		request_4	1714686901626	1714686901735	OK	 
REQUEST		request_5	1714686901735	1714686901871	OK	 
REQUEST		request_11	1714686901672	1714686901895	OK	 
REQUEST		request_11	1714686901687	1714686901905	OK	 
REQUEST		request_4	1714686901885	1714686901985	OK	 
REQUEST		request_11	1714686901778	1714686901991	OK	 
REQUEST		request_12	1714686901961	1714686902079	OK	 
USER	RecordedSimulation	END	1714686902080
REQUEST		request_5	1714686901985	1714686902121	OK	 
REQUEST		request_11	1714686901915	1714686902126	OK	 
REQUEST		request_11	1714686902085	1714686902294	OK	 
REQUEST		request_6	1714686902249	1714686902301	OK	 
REQUEST		request_9	1714686902205	1714686902307	OK	 
REQUEST		request_10	1714686902307	1714686902369	OK	 
REQUEST		request_4	1714686902317	1714686902412	OK	 
REQUEST		request_11	1714686902235	1714686902450	OK	 
USER	RecordedSimulation	START	1714686902478
REQUEST		request_9	1714686902402	1714686902498	OK	 
REQUEST		request_7	1714686902417	1714686902517	OK	 
REQUEST		request_5	1714686902414	1714686902546	OK	 
REQUEST		request_10	1714686902499	1714686902566	OK	 
REQUEST		request_0	1714686902478	1714686902580	OK	 
REQUEST		request_8	1714686902520	1714686902587	OK	 
REQUEST		request_12	1714686902477	1714686902598	OK	 
USER	RecordedSimulation	END	1714686902599
REQUEST		request_1	1714686902580	1714686902635	OK	 
REQUEST		request_3	1714686902581	1714686902691	OK	 
REQUEST		request_7	1714686902585	1714686902692	OK	 
REQUEST		request_2	1714686902580	1714686902692	OK	 
REQUEST		request_8	1714686902692	1714686902770	OK	 
REQUEST		request_4	1714686902691	1714686902794	OK	 
REQUEST		request_6	1714686902768	1714686902820	OK	 
REQUEST		request_9	1714686902738	1714686902841	OK	 
REQUEST		request_10	1714686902842	1714686902904	OK	 
REQUEST		request_5	1714686902794	1714686902927	OK	 
REQUEST		request_6	1714686902892	1714686902946	OK	 
USER	RecordedSimulation	START	1714686902953
REQUEST		request_12	1714686902906	1714686903024	OK	 
USER	RecordedSimulation	END	1714686903024
REQUEST		request_12	1714686902906	1714686903034	OK	 
USER	RecordedSimulation	END	1714686903035
REQUEST		request_0	1714686902952	1714686903058	OK	 
REQUEST		request_11	1714686902846	1714686903066	OK	 
REQUEST		request_7	1714686902998	1714686903102	OK	 
REQUEST		request_1	1714686903058	1714686903108	OK	 
REQUEST		request_12	1714686902998	1714686903117	OK	 
USER	RecordedSimulation	END	1714686903118
USER	RecordedSimulation	START	1714686903120
REQUEST		request_7	1714686903027	1714686903126	OK	 
REQUEST		request_4	1714686903032	1714686903128	OK	 
REQUEST		request_11	1714686902936	1714686903149	OK	 
REQUEST		request_2	1714686903058	1714686903156	OK	 
REQUEST		request_3	1714686903058	1714686903157	OK	 
REQUEST		request_8	1714686903103	1714686903168	OK	 
REQUEST		request_8	1714686903127	1714686903191	OK	 
REQUEST		request_4	1714686903113	1714686903212	OK	 
REQUEST		request_0	1714686903120	1714686903215	OK	 
REQUEST		request_12	1714686903129	1714686903253	OK	 
USER	RecordedSimulation	END	1714686903254
REQUEST		request_1	1714686903216	1714686903263	OK	 
REQUEST		request_5	1714686903128	1714686903263	OK	 
REQUEST		request_3	1714686903217	1714686903314	OK	 
REQUEST		request_2	1714686903216	1714686903315	OK	 
REQUEST		request_6	1714686903271	1714686903323	OK	 
REQUEST		request_5	1714686903213	1714686903343	OK	 
REQUEST		request_4	1714686903248	1714686903356	OK	 
REQUEST		request_9	1714686903271	1714686903370	OK	 
REQUEST		request_12	1714686903301	1714686903419	OK	 
USER	RecordedSimulation	END	1714686903420
REQUEST		request_10	1714686903370	1714686903430	OK	 
REQUEST		request_11	1714686903226	1714686903442	OK	 
REQUEST		request_5	1714686903356	1714686903487	OK	 
REQUEST		request_12	1714686903455	1714686903573	OK	 
USER	RecordedSimulation	END	1714686903574
USER	RecordedSimulation	START	1714686903653
USER	RecordedSimulation	START	1714686903683
REQUEST		request_6	1714686903636	1714686903688	OK	 
USER	RecordedSimulation	START	1714686903746
REQUEST		request_0	1714686903652	1714686903750	OK	 
REQUEST		request_7	1714686903667	1714686903766	OK	 
REQUEST		request_0	1714686903682	1714686903792	OK	 
REQUEST		request_9	1714686903682	1714686903792	OK	 
REQUEST		request_1	1714686903750	1714686903798	OK	 
REQUEST		request_8	1714686903767	1714686903834	OK	 
REQUEST		request_4	1714686903725	1714686903842	OK	 
REQUEST		request_1	1714686903792	1714686903843	OK	 
REQUEST		request_0	1714686903745	1714686903844	OK	 
REQUEST		request_2	1714686903751	1714686903847	OK	 
REQUEST		request_3	1714686903751	1714686903847	OK	 
REQUEST		request_10	1714686903792	1714686903854	OK	 
REQUEST		request_3	1714686903793	1714686903893	OK	 
REQUEST		request_1	1714686903844	1714686903893	OK	 
REQUEST		request_2	1714686903792	1714686903893	OK	 
REQUEST		request_2	1714686903844	1714686903945	OK	 
REQUEST		request_3	1714686903845	1714686903945	OK	 
REQUEST		request_5	1714686903843	1714686903977	OK	 
USER	RecordedSimulation	START	1714686904006
REQUEST		request_4	1714686903989	1714686904087	OK	 
REQUEST		request_0	1714686904005	1714686904103	OK	 
REQUEST		request_4	1714686904017	1714686904119	OK	 
REQUEST		request_1	1714686904103	1714686904154	OK	 
REQUEST		request_2	1714686904104	1714686904218	OK	 
REQUEST		request_12	1714686904080	1714686904218	OK	 
REQUEST		request_3	1714686904104	1714686904219	OK	 
USER	RecordedSimulation	END	1714686904219
REQUEST		request_7	1714686904111	1714686904226	OK	 
REQUEST		request_5	1714686904088	1714686904237	OK	 
REQUEST		request_5	1714686904120	1714686904273	OK	 
REQUEST		request_8	1714686904226	1714686904292	OK	 
REQUEST		request_12	1714686904157	1714686904292	OK	 
USER	RecordedSimulation	END	1714686904294
REQUEST		request_9	1714686904263	1714686904361	OK	 
REQUEST		request_6	1714686904309	1714686904361	OK	 
REQUEST		request_10	1714686904363	1714686904427	OK	 
REQUEST		request_12	1714686904446	1714686904572	OK	 
USER	RecordedSimulation	END	1714686904572
USER	RecordedSimulation	START	1714686904616
REQUEST		request_11	1714686904386	1714686904622	OK	 
REQUEST		request_0	1714686904616	1714686904713	OK	 
REQUEST		request_4	1714686904631	1714686904737	OK	 
REQUEST		request_1	1714686904714	1714686904762	OK	 
REQUEST		request_11	1714686904570	1714686904796	OK	 
REQUEST		request_2	1714686904714	1714686904813	OK	 
REQUEST		request_3	1714686904715	1714686904813	OK	 
REQUEST		request_5	1714686904738	1714686904874	OK	 
REQUEST		request_6	1714686904875	1714686904927	OK	 
USER	RecordedSimulation	START	1714686904983
REQUEST		request_0	1714686904982	1714686905079	OK	 
REQUEST		request_11	1714686904906	1714686905121	OK	 
REQUEST		request_1	1714686905080	1714686905129	OK	 
REQUEST		request_2	1714686905080	1714686905179	OK	 
REQUEST		request_3	1714686905081	1714686905180	OK	 
REQUEST		request_6	1714686905134	1714686905186	OK	 
REQUEST		request_7	1714686905133	1714686905233	OK	 
REQUEST		request_8	1714686905235	1714686905301	OK	 
USER	RecordedSimulation	START	1714686905528
REQUEST		request_4	1714686905466	1714686905567	OK	 
REQUEST		request_6	1714686905560	1714686905612	OK	 
REQUEST		request_0	1714686905528	1714686905625	OK	 
USER	RecordedSimulation	START	1714686905638
REQUEST		request_11	1714686905437	1714686905659	OK	 
REQUEST		request_1	1714686905626	1714686905676	OK	 
REQUEST		request_5	1714686905568	1714686905697	OK	 
REQUEST		request_7	1714686905606	1714686905712	OK	 
REQUEST		request_3	1714686905628	1714686905729	OK	 
REQUEST		request_2	1714686905627	1714686905729	OK	 
REQUEST		request_0	1714686905637	1714686905739	OK	 
REQUEST		request_9	1714686905652	1714686905765	OK	 
REQUEST		request_12	1714686905637	1714686905765	OK	 
USER	RecordedSimulation	END	1714686905767
REQUEST		request_8	1714686905713	1714686905780	OK	 
REQUEST		request_1	1714686905740	1714686905788	OK	 
REQUEST		request_10	1714686905766	1714686905826	OK	 
REQUEST		request_2	1714686905741	1714686905841	OK	 
REQUEST		request_3	1714686905742	1714686905841	OK	 
REQUEST		request_12	1714686905803	1714686905923	OK	 
USER	RecordedSimulation	END	1714686905924
REQUEST		request_4	1714686905824	1714686905929	OK	 
REQUEST		request_6	1714686905940	1714686905991	OK	 
REQUEST		request_5	1714686905929	1714686906061	OK	 
REQUEST		request_11	1714686905865	1714686906083	OK	 
USER	RecordedSimulation	START	1714686906216
REQUEST		request_12	1714686906123	1714686906240	OK	 
USER	RecordedSimulation	END	1714686906241
USER	RecordedSimulation	START	1714686906291
REQUEST		request_0	1714686906215	1714686906323	OK	 
REQUEST		request_6	1714686906275	1714686906328	OK	 
REQUEST		request_1	1714686906324	1714686906379	OK	 
REQUEST		request_0	1714686906290	1714686906388	OK	 
REQUEST		request_6	1714686906352	1714686906405	OK	 
REQUEST		request_2	1714686906325	1714686906433	OK	 
REQUEST		request_3	1714686906327	1714686906433	OK	 
REQUEST		request_1	1714686906390	1714686906439	OK	 
REQUEST		request_3	1714686906391	1714686906493	OK	 
REQUEST		request_2	1714686906390	1714686906494	OK	 
REQUEST		request_6	1714686906488	1714686906541	OK	 
REQUEST		request_11	1714686906442	1714686906658	OK	 
REQUEST		request_7	1714686906563	1714686906663	OK	 
REQUEST		request_8	1714686906664	1714686906733	OK	 
REQUEST		request_12	1714686906670	1714686906788	OK	 
USER	RecordedSimulation	END	1714686906789
REQUEST		request_4	1714686906685	1714686906790	OK	 
REQUEST		request_9	1714686906806	1714686906903	OK	 
REQUEST		request_5	1714686906790	1714686906922	OK	 
REQUEST		request_10	1714686906904	1714686906968	OK	 
REQUEST		request_7	1714686906866	1714686906968	OK	 
REQUEST		request_8	1714686906969	1714686907035	OK	 
REQUEST		request_6	1714686906988	1714686907043	OK	 
USER	RecordedSimulation	START	1714686907084
REQUEST		request_0	1714686907083	1714686907196	OK	 
REQUEST		request_12	1714686907095	1714686907212	OK	 
USER	RecordedSimulation	END	1714686907213
REQUEST		request_1	1714686907197	1714686907246	OK	 
REQUEST		request_2	1714686907198	1714686907299	OK	 
REQUEST		request_3	1714686907199	1714686907300	OK	 
REQUEST		request_6	1714686907249	1714686907301	OK	 
REQUEST		request_6	1714686907278	1714686907330	OK	 
REQUEST		request_7	1714686907505	1714686907605	OK	 
REQUEST		request_8	1714686907605	1714686907671	OK	 
USER	RecordedSimulation	START	1714686907703
REQUEST		request_12	1714686907673	1714686907789	OK	 
USER	RecordedSimulation	END	1714686907790
REQUEST		request_4	1714686907702	1714686907810	OK	 
REQUEST		request_0	1714686907703	1714686907810	OK	 
REQUEST		request_1	1714686907810	1714686907858	OK	 
REQUEST		request_3	1714686907811	1714686907913	OK	 
REQUEST		request_2	1714686907810	1714686907913	OK	 
REQUEST		request_6	1714686907883	1714686907937	OK	 
REQUEST		request_5	1714686907810	1714686907942	OK	 
REQUEST		request_9	1714686907853	1714686907948	OK	 
REQUEST		request_10	1714686907948	1714686908014	OK	 
REQUEST		request_11	1714686907837	1714686908061	OK	 
REQUEST		request_9	1714686908050	1714686908145	OK	 
REQUEST		request_10	1714686908146	1714686908206	OK	 
REQUEST		request_4	1714686908158	1714686908255	OK	 
REQUEST		request_5	1714686908256	1714686908387	OK	 
REQUEST		request_4	1714686908322	1714686908424	OK	 
REQUEST		request_9	1714686908339	1714686908434	OK	 
REQUEST		request_10	1714686908436	1714686908496	OK	 
REQUEST		request_9	1714686908461	1714686908558	OK	 
REQUEST		request_5	1714686908425	1714686908560	OK	 
REQUEST		request_10	1714686908559	1714686908619	OK	 
REQUEST		request_7	1714686908644	1714686908746	OK	 
REQUEST		request_6	1714686908704	1714686908755	OK	 
REQUEST		request_8	1714686908746	1714686908812	OK	 
REQUEST		request_4	1714686908847	1714686908946	OK	 
REQUEST		request_4	1714686908902	1714686908997	OK	 
REQUEST		request_4	1714686908946	1714686909040	OK	 
REQUEST		request_5	1714686908946	1714686909077	OK	 
REQUEST		request_6	1714686909070	1714686909123	OK	 
REQUEST		request_5	1714686908998	1714686909137	OK	 
REQUEST		request_5	1714686909040	1714686909169	OK	 
REQUEST		request_11	1714686908979	1714686909191	OK	 
REQUEST		request_12	1714686909070	1714686909243	OK	 
USER	RecordedSimulation	END	1714686909244
REQUEST		request_4	1714686909223	1714686909319	OK	 
REQUEST		request_7	1714686909313	1714686909412	OK	 
REQUEST		request_5	1714686909320	1714686909457	OK	 
REQUEST		request_8	1714686909413	1714686909479	OK	 
REQUEST		request_9	1714686909602	1714686909700	OK	 
REQUEST		request_10	1714686909701	1714686909763	OK	 
REQUEST		request_9	1714686909783	1714686909878	OK	 
REQUEST		request_4	1714686909829	1714686909927	OK	 
REQUEST		request_7	1714686909829	1714686909929	OK	 
REQUEST		request_10	1714686909878	1714686909938	OK	 
REQUEST		request_6	1714686909934	1714686909991	OK	 
REQUEST		request_8	1714686909930	1714686909997	OK	 
REQUEST		request_7	1714686909950	1714686910055	OK	 
REQUEST		request_5	1714686909928	1714686910058	OK	 
REQUEST		request_8	1714686910056	1714686910125	OK	 
REQUEST		request_11	1714686910027	1714686910241	OK	 
REQUEST		request_9	1714686910180	1714686910277	OK	 
REQUEST		request_4	1714686910180	1714686910277	OK	 
REQUEST		request_9	1714686910196	1714686910295	OK	 
REQUEST		request_10	1714686910278	1714686910340	OK	 
REQUEST		request_10	1714686910295	1714686910353	OK	 
REQUEST		request_12	1714686910196	1714686910370	OK	 
USER	RecordedSimulation	END	1714686910371
REQUEST		request_5	1714686910278	1714686910410	OK	 
REQUEST		request_7	1714686910332	1714686910432	OK	 
REQUEST		request_11	1714686910211	1714686910436	OK	 
REQUEST		request_8	1714686910432	1714686910501	OK	 
REQUEST		request_11	1714686910501	1714686910724	OK	 
REQUEST		request_7	1714686910699	1714686910797	OK	 
REQUEST		request_4	1714686910730	1714686910826	OK	 
REQUEST		request_11	1714686910622	1714686910845	OK	 
REQUEST		request_8	1714686910797	1714686910862	OK	 
REQUEST		request_4	1714686910846	1714686910944	OK	 
REQUEST		request_9	1714686910851	1714686910949	OK	 
REQUEST		request_5	1714686910827	1714686910958	OK	 
REQUEST		request_10	1714686910950	1714686911009	OK	 
REQUEST		request_6	1714686910958	1714686911011	OK	 
REQUEST		request_5	1714686910946	1714686911078	OK	 
REQUEST		request_9	1714686911296	1714686911394	OK	 
REQUEST		request_12	1714686911250	1714686911421	OK	 
USER	RecordedSimulation	END	1714686911423
REQUEST		request_6	1714686911388	1714686911445	OK	 
REQUEST		request_10	1714686911394	1714686911464	OK	 
REQUEST		request_7	1714686911373	1714686911473	OK	 
REQUEST		request_4	1714686911435	1714686911531	OK	 
REQUEST		request_8	1714686911473	1714686911538	OK	 
REQUEST		request_12	1714686911449	1714686911614	OK	 
USER	RecordedSimulation	END	1714686911614
REQUEST		request_4	1714686911495	1714686911614	OK	 
REQUEST		request_6	1714686911572	1714686911624	OK	 
REQUEST		request_5	1714686911531	1714686911697	OK	 
REQUEST		request_5	1714686911615	1714686911739	OK	 
REQUEST		request_12	1714686911727	1714686911893	OK	 
USER	RecordedSimulation	END	1714686911894
REQUEST		request_11	1714686911772	1714686911989	OK	 
REQUEST		request_12	1714686911848	1714686912018	OK	 
USER	RecordedSimulation	END	1714686912018
REQUEST		request_7	1714686911941	1714686912041	OK	 
REQUEST		request_8	1714686912042	1714686912111	OK	 
REQUEST		request_6	1714686912093	1714686912149	OK	 
REQUEST		request_11	1714686911941	1714686912159	OK	 
REQUEST		request_6	1714686912139	1714686912191	OK	 
REQUEST		request_6	1714686912185	1714686912236	OK	 
REQUEST		request_7	1714686912200	1714686912300	OK	 
REQUEST		request_8	1714686912301	1714686912367	OK	 
REQUEST		request_4	1714686912307	1714686912418	OK	 
REQUEST		request_9	1714686912307	1714686912419	OK	 
REQUEST		request_10	1714686912419	1714686912483	OK	 
REQUEST		request_6	1714686912460	1714686912512	OK	 
REQUEST		request_5	1714686912419	1714686912549	OK	 
REQUEST		request_11	1714686912354	1714686912583	OK	 
REQUEST		request_11	1714686912369	1714686912603	OK	 
REQUEST		request_7	1714686912625	1714686912725	OK	 
REQUEST		request_8	1714686912726	1714686912792	OK	 
REQUEST		request_9	1714686912791	1714686912893	OK	 
REQUEST		request_10	1714686912894	1714686912955	OK	 
REQUEST		request_4	1714686912915	1714686913013	OK	 
REQUEST		request_7	1714686913003	1714686913104	OK	 
REQUEST		request_6	1714686913065	1714686913117	OK	 
REQUEST		request_5	1714686913014	1714686913151	OK	 
REQUEST		request_8	1714686913104	1714686913172	OK	 
REQUEST		request_12	1714686913004	1714686913176	OK	 
USER	RecordedSimulation	END	1714686913176
REQUEST		request_11	1714686913018	1714686913238	OK	 
REQUEST		request_12	1714686913172	1714686913339	OK	 
USER	RecordedSimulation	END	1714686913340
REQUEST		request_7	1714686913341	1714686913438	OK	 
REQUEST		request_6	1714686913416	1714686913469	OK	 
REQUEST		request_8	1714686913439	1714686913504	OK	 
REQUEST		request_7	1714686913416	1714686913519	OK	 
REQUEST		request_8	1714686913520	1714686913597	OK	 
REQUEST		request_7	1714686913555	1714686913658	OK	 
REQUEST		request_11	1714686913478	1714686913694	OK	 
REQUEST		request_8	1714686913659	1714686913726	OK	 
REQUEST		request_12	1714686913585	1714686913752	OK	 
USER	RecordedSimulation	END	1714686913753
REQUEST		request_12	1714686913615	1714686913775	OK	 
USER	RecordedSimulation	END	1714686913776
REQUEST		request_9	1714686913737	1714686913836	OK	 
REQUEST		request_10	1714686913836	1714686913896	OK	 
REQUEST		request_6	1714686913966	1714686914020	OK	 
REQUEST		request_9	1714686914043	1714686914141	OK	 
REQUEST		request_6	1714686914089	1714686914142	OK	 
REQUEST		request_7	1714686914058	1714686914162	OK	 
REQUEST		request_10	1714686914142	1714686914200	OK	 
REQUEST		request_8	1714686914163	1714686914229	OK	 
REQUEST		request_12	1714686914240	1714686914410	OK	 
USER	RecordedSimulation	END	1714686914412
REQUEST		request_7	1714686914315	1714686914414	OK	 
REQUEST		request_7	1714686914346	1714686914450	OK	 
REQUEST		request_8	1714686914414	1714686914479	OK	 
REQUEST		request_8	1714686914450	1714686914516	OK	 
REQUEST		request_11	1714686914497	1714686914724	OK	 
REQUEST		request_6	1714686914711	1714686914762	OK	 
REQUEST		request_9	1714686914681	1714686914775	OK	 
REQUEST		request_6	1714686914740	1714686914791	OK	 
REQUEST		request_10	1714686914775	1714686914835	OK	 
REQUEST		request_12	1714686914696	1714686914871	OK	 
USER	RecordedSimulation	END	1714686914872
REQUEST		request_7	1714686914938	1714686915047	OK	 
REQUEST		request_8	1714686915048	1714686915113	OK	 
REQUEST		request_11	1714686914969	1714686915189	OK	 
REQUEST		request_6	1714686915553	1714686915605	OK	 
REQUEST		request_7	1714686915769	1714686915869	OK	 
REQUEST		request_12	1714686915736	1714686915919	OK	 
USER	RecordedSimulation	END	1714686915920
REQUEST		request_9	1714686915828	1714686915932	OK	 
REQUEST		request_8	1714686915869	1714686915939	OK	 
REQUEST		request_10	1714686915933	1714686915993	OK	 
REQUEST		request_11	1714686915907	1714686916121	OK	 
REQUEST		request_6	1714686916167	1714686916221	OK	 
REQUEST		request_7	1714686916136	1714686916234	OK	 
REQUEST		request_8	1714686916234	1714686916301	OK	 
REQUEST		request_12	1714686916198	1714686916368	OK	 
USER	RecordedSimulation	END	1714686916370
REQUEST		request_11	1714686916213	1714686916435	OK	 
REQUEST		request_9	1714686916489	1714686916590	OK	 
REQUEST		request_10	1714686916591	1714686916656	OK	 
REQUEST		request_11	1714686916844	1714686917062	OK	 
REQUEST		request_7	1714686916996	1714686917102	OK	 
REQUEST		request_9	1714686917011	1714686917113	OK	 
REQUEST		request_8	1714686917102	1714686917170	OK	 
REQUEST		request_10	1714686917114	1714686917177	OK	 
REQUEST		request_9	1714686917135	1714686917231	OK	 
REQUEST		request_10	1714686917232	1714686917293	OK	 
REQUEST		request_12	1714686917135	1714686917302	OK	 
USER	RecordedSimulation	END	1714686917303
REQUEST		request_12	1714686917438	1714686917607	OK	 
USER	RecordedSimulation	END	1714686917607
REQUEST		request_9	1714686917515	1714686917613	OK	 
REQUEST		request_10	1714686917614	1714686917676	OK	 
REQUEST		request_9	1714686917866	1714686917963	OK	 
REQUEST		request_10	1714686917964	1714686918025	OK	 
REQUEST		request_7	1714686918019	1714686918119	OK	 
REQUEST		request_8	1714686918120	1714686918186	OK	 
REQUEST		request_11	1714686918003	1714686918236	OK	 
REQUEST		request_12	1714686918066	1714686918237	OK	 
USER	RecordedSimulation	END	1714686918239
REQUEST		request_7	1714686918451	1714686918552	OK	 
REQUEST		request_8	1714686918552	1714686918629	OK	 
REQUEST		request_9	1714686918541	1714686918638	OK	 
REQUEST		request_10	1714686918638	1714686918698	OK	 
REQUEST		request_7	1714686918633	1714686918735	OK	 
REQUEST		request_8	1714686918736	1714686918805	OK	 
REQUEST		request_11	1714686918665	1714686918882	OK	 
REQUEST		request_9	1714686919124	1714686919224	OK	 
REQUEST		request_7	1714686919155	1714686919253	OK	 
REQUEST		request_10	1714686919224	1714686919287	OK	 
REQUEST		request_7	1714686919200	1714686919298	OK	 
REQUEST		request_8	1714686919253	1714686919320	OK	 
REQUEST		request_7	1714686919246	1714686919344	OK	 
REQUEST		request_8	1714686919299	1714686919369	OK	 
REQUEST		request_11	1714686919185	1714686919406	OK	 
REQUEST		request_8	1714686919345	1714686919409	OK	 
REQUEST		request_12	1714686919246	1714686919416	OK	 
USER	RecordedSimulation	END	1714686919417
REQUEST		request_9	1714686919382	1714686919484	OK	 
REQUEST		request_11	1714686919306	1714686919546	OK	 
REQUEST		request_10	1714686919485	1714686919546	OK	 
REQUEST		request_7	1714686919518	1714686919618	OK	 
REQUEST		request_8	1714686919619	1714686919689	OK	 
REQUEST		request_9	1714686919806	1714686919903	OK	 
REQUEST		request_11	1714686919686	1714686919905	OK	 
REQUEST		request_10	1714686919903	1714686919977	OK	 
REQUEST		request_12	1714686919896	1714686920065	OK	 
USER	RecordedSimulation	END	1714686920066
REQUEST		request_7	1714686920123	1714686920224	OK	 
REQUEST		request_11	1714686920033	1714686920259	OK	 
REQUEST		request_9	1714686920185	1714686920284	OK	 
REQUEST		request_8	1714686920225	1714686920299	OK	 
REQUEST		request_10	1714686920285	1714686920350	OK	 
REQUEST		request_7	1714686920475	1714686920577	OK	 
REQUEST		request_12	1714686920412	1714686920585	OK	 
USER	RecordedSimulation	END	1714686920587
REQUEST		request_9	1714686920506	1714686920602	OK	 
REQUEST		request_8	1714686920578	1714686920648	OK	 
REQUEST		request_10	1714686920603	1714686920663	OK	 
REQUEST		request_9	1714686920611	1714686920709	OK	 
REQUEST		request_12	1714686920548	1714686920715	OK	 
USER	RecordedSimulation	END	1714686920715
REQUEST		request_10	1714686920709	1714686920775	OK	 
REQUEST		request_9	1714686920734	1714686920829	OK	 
REQUEST		request_10	1714686920830	1714686920891	OK	 
REQUEST		request_11	1714686920704	1714686920930	OK	 
REQUEST		request_12	1714686920918	1714686921087	OK	 
USER	RecordedSimulation	END	1714686921088
REQUEST		request_7	1714686921023	1714686921122	OK	 
REQUEST		request_8	1714686921122	1714686921189	OK	 
REQUEST		request_7	1714686921146	1714686921243	OK	 
REQUEST		request_8	1714686921244	1714686921308	OK	 
REQUEST		request_9	1714686921237	1714686921343	OK	 
REQUEST		request_10	1714686921343	1714686921408	OK	 
REQUEST		request_12	1714686921267	1714686921439	OK	 
USER	RecordedSimulation	END	1714686921441
REQUEST		request_11	1714686921298	1714686921533	OK	 
REQUEST		request_9	1714686921483	1714686921582	OK	 
REQUEST		request_9	1714686921531	1714686921630	OK	 
REQUEST		request_10	1714686921582	1714686921644	OK	 
REQUEST		request_10	1714686921631	1714686921695	OK	 
REQUEST		request_11	1714686921561	1714686921787	OK	 
REQUEST		request_7	1714686921776	1714686921875	OK	 
REQUEST		request_7	1714686921806	1714686921906	OK	 
REQUEST		request_8	1714686921875	1714686921942	OK	 
REQUEST		request_8	1714686921906	1714686921971	OK	 
REQUEST		request_12	1714686921952	1714686922126	OK	 
USER	RecordedSimulation	END	1714686922127
REQUEST		request_11	1714686921989	1714686922213	OK	 
REQUEST		request_9	1714686922127	1714686922229	OK	 
REQUEST		request_10	1714686922229	1714686922292	OK	 
REQUEST		request_11	1714686922357	1714686922574	OK	 
REQUEST		request_12	1714686922541	1714686922720	OK	 
USER	RecordedSimulation	END	1714686922721
REQUEST		request_7	1714686922617	1714686922723	OK	 
REQUEST		request_8	1714686922723	1714686922802	OK	 
REQUEST		request_11	1714686922677	1714686922894	OK	 
REQUEST		request_12	1714686922799	1714686922967	OK	 
USER	RecordedSimulation	END	1714686922968
REQUEST		request_11	1714686922783	1714686923004	OK	 
REQUEST		request_9	1714686922952	1714686923048	OK	 
REQUEST		request_10	1714686923048	1714686923109	OK	 
REQUEST		request_11	1714686922906	1714686923131	OK	 
REQUEST		request_7	1714686923226	1714686923327	OK	 
REQUEST		request_8	1714686923328	1714686923394	OK	 
REQUEST		request_12	1714686923226	1714686923401	OK	 
USER	RecordedSimulation	END	1714686923401
REQUEST		request_9	1714686923303	1714686923401	OK	 
REQUEST		request_10	1714686923401	1714686923463	OK	 
REQUEST		request_11	1714686923410	1714686923632	OK	 
REQUEST		request_12	1714686923578	1714686923748	OK	 
USER	RecordedSimulation	END	1714686923750
REQUEST		request_11	1714686923655	1714686923874	OK	 
REQUEST		request_11	1714686923701	1714686923923	OK	 
REQUEST		request_12	1714686923898	1714686924071	OK	 
USER	RecordedSimulation	END	1714686924073
REQUEST		request_12	1714686924018	1714686924196	OK	 
USER	RecordedSimulation	END	1714686924197
REQUEST		request_9	1714686924186	1714686924286	OK	 
REQUEST		request_12	1714686924141	1714686924314	OK	 
USER	RecordedSimulation	END	1714686924315
REQUEST		request_10	1714686924286	1714686924348	OK	 
REQUEST		request_11	1714686924308	1714686924536	OK	 
REQUEST		request_12	1714686924643	1714686924817	OK	 
USER	RecordedSimulation	END	1714686924818
REQUEST		request_12	1714686924886	1714686925062	OK	 
USER	RecordedSimulation	END	1714686925063
REQUEST		request_12	1714686924932	1714686925100	OK	 
USER	RecordedSimulation	END	1714686925100
REQUEST		request_9	1714686925190	1714686925285	OK	 
REQUEST		request_11	1714686925115	1714686925334	OK	 
REQUEST		request_10	1714686925285	1714686925347	OK	 
REQUEST		request_11	1714686925466	1714686925686	OK	 
REQUEST		request_12	1714686925542	1714686925714	OK	 
USER	RecordedSimulation	END	1714686925716
REQUEST		request_9	1714686925635	1714686925737	OK	 
REQUEST		request_10	1714686925738	1714686925798	OK	 
REQUEST		request_9	1714686925815	1714686925914	OK	 
REQUEST		request_10	1714686925915	1714686925977	OK	 
REQUEST		request_9	1714686926336	1714686926434	OK	 
REQUEST		request_9	1714686926381	1714686926480	OK	 
REQUEST		request_10	1714686926434	1714686926494	OK	 
REQUEST		request_9	1714686926411	1714686926508	OK	 
REQUEST		request_12	1714686926336	1714686926513	OK	 
USER	RecordedSimulation	END	1714686926514
REQUEST		request_10	1714686926480	1714686926538	OK	 
REQUEST		request_11	1714686926351	1714686926567	OK	 
REQUEST		request_10	1714686926509	1714686926580	OK	 
REQUEST		request_9	1714686926703	1714686926807	OK	 
REQUEST		request_10	1714686926807	1714686926871	OK	 
REQUEST		request_12	1714686926703	1714686926878	OK	 
USER	RecordedSimulation	END	1714686926879
REQUEST		request_9	1714686927311	1714686927415	OK	 
REQUEST		request_10	1714686927416	1714686927476	OK	 
REQUEST		request_11	1714686927357	1714686927579	OK	 
REQUEST		request_12	1714686927569	1714686927744	OK	 
USER	RecordedSimulation	END	1714686927746
REQUEST		request_9	1714686927660	1714686927759	OK	 
REQUEST		request_10	1714686927760	1714686927820	OK	 
REQUEST		request_11	1714686927813	1714686928038	OK	 
REQUEST		request_11	1714686927980	1714686928210	OK	 
REQUEST		request_9	1714686928191	1714686928290	OK	 
REQUEST		request_10	1714686928290	1714686928352	OK	 
REQUEST		request_9	1714686928313	1714686928409	OK	 
REQUEST		request_10	1714686928409	1714686928473	OK	 
REQUEST		request_11	1714686928495	1714686928720	OK	 
REQUEST		request_11	1714686928542	1714686928771	OK	 
REQUEST		request_12	1714686928588	1714686928771	OK	 
USER	RecordedSimulation	END	1714686928773
REQUEST		request_11	1714686928588	1714686928815	OK	 
REQUEST		request_9	1714686928953	1714686929056	OK	 
REQUEST		request_9	1714686928983	1714686929086	OK	 
REQUEST		request_11	1714686928877	1714686929111	OK	 
REQUEST		request_10	1714686929057	1714686929131	OK	 
REQUEST		request_10	1714686929087	1714686929147	OK	 
REQUEST		request_12	1714686929045	1714686929223	OK	 
USER	RecordedSimulation	END	1714686929224
REQUEST		request_12	1714686929213	1714686929397	OK	 
USER	RecordedSimulation	END	1714686929398
REQUEST		request_11	1714686929487	1714686929707	OK	 
REQUEST		request_12	1714686929730	1714686929911	OK	 
REQUEST		request_9	1714686929806	1714686929912	OK	 
USER	RecordedSimulation	END	1714686929912
REQUEST		request_12	1714686929777	1714686929961	OK	 
USER	RecordedSimulation	END	1714686929961
REQUEST		request_10	1714686929912	1714686929974	OK	 
REQUEST		request_12	1714686929822	1714686929994	OK	 
USER	RecordedSimulation	END	1714686929994
REQUEST		request_11	1714686929822	1714686930044	OK	 
REQUEST		request_12	1714686930125	1714686930304	OK	 
USER	RecordedSimulation	END	1714686930306
REQUEST		request_9	1714686930398	1714686930498	OK	 
REQUEST		request_10	1714686930499	1714686930561	OK	 
REQUEST		request_11	1714686930367	1714686930593	OK	 
REQUEST		request_11	1714686930489	1714686930714	OK	 
REQUEST		request_12	1714686930717	1714686930898	OK	 
USER	RecordedSimulation	END	1714686930899
REQUEST		request_12	1714686931053	1714686931235	OK	 
USER	RecordedSimulation	END	1714686931237
REQUEST		request_11	1714686931146	1714686931374	OK	 
REQUEST		request_11	1714686931161	1714686931395	OK	 
REQUEST		request_12	1714686931602	1714686931782	OK	 
USER	RecordedSimulation	END	1714686931784
REQUEST		request_12	1714686931725	1714686931899	OK	 
USER	RecordedSimulation	END	1714686931900
REQUEST		request_11	1714686931985	1714686932209	OK	 
REQUEST		request_12	1714686932383	1714686932565	OK	 
USER	RecordedSimulation	END	1714686932567
REQUEST		request_12	1714686932399	1714686932601	OK	 
USER	RecordedSimulation	END	1714686932602
REQUEST		request_11	1714686932567	1714686932792	OK	 
REQUEST		request_12	1714686933221	1714686933399	OK	 
USER	RecordedSimulation	END	1714686933399
REQUEST		request_12	1714686933800	1714686933972	OK	 
USER	RecordedSimulation	END	1714686933973
